<?xml version="1.0" encoding="UTF-8"?>
<robot generator="Robot 7.3.2 (Python 3.13.3 on win32)" generated="2025-09-17T17:41:47.877483" rpa="false" schemaversion="5">
<suite id="s1" name="Checkout" source="D:\Automation-Testing\Robot-Framework\Salonbookly-POS\tests\mainscreen\checkout.robot">
<kw name="Access to POS" owner="common-keywords" type="SETUP">
<kw name="Open Application" owner="AppiumLibrary">
<arg>${REMOTE_URL}</arg>
<arg>platformName=${PLATFORM_NAME}</arg>
<arg>platformVersion=${PLATFORM_VERSION}</arg>
<arg>deviceName=${DEVICE_NAME}</arg>
<arg>device=${UDID}</arg>
<arg>appPackage=${APP_PACKAGE}</arg>
<arg>appActivity=${APP_ACTIVITY}</arg>
<arg>automationName=${AUTOMATION_NAME}</arg>
<arg>noReset=true</arg>
<doc>Opens a new application to given Appium server.
Capabilities of appium server, Android and iOS,
Please check https://appium.io/docs/en/2.1/cli/args/
| *Option*            | *Man.* | *Description*     |
| remote_url          | Yes    | Appium server url |
| alias               | no     | alias             |
| strict_ssl          | No     | allows you to send commands to an invalid certificate host like a self-signed one. |</doc>
<status status="PASS" start="2025-09-17T17:41:49.244271" elapsed="5.943556"/>
</kw>
<kw name="Sleep" owner="BuiltIn">
<msg time="2025-09-17T17:42:00.189496" level="INFO">Slept 5 seconds.</msg>
<arg>5s</arg>
<doc>Pauses the test executed for the given time.</doc>
<status status="PASS" start="2025-09-17T17:41:55.188307" elapsed="5.001454"/>
</kw>
<status status="PASS" start="2025-09-17T17:41:49.242029" elapsed="10.947944"/>
</kw>
<test id="s1-t1" name="Verify the user checkout with CASH method successfully" line="7">
<kw name="Given the user is on Checkout tab" owner="tab-checkout-keyword">
<kw name="Wait Until Element Is Visible" owner="AppiumLibrary">
<msg time="2025-09-17T17:42:01.316954" level="INFO">xpath criteria: //android.view.View[normalize-space(@content-desc)="Change position"]</msg>
<arg>${CHANGE_POSITION_TEXT}</arg>
<doc>Waits until element specified with `locator` is visible.</doc>
<status status="PASS" start="2025-09-17T17:42:00.192477" elapsed="1.124655"/>
</kw>
<status status="PASS" start="2025-09-17T17:42:00.191693" elapsed="1.125627"/>
</kw>
<kw name="When user select Technician" owner="tab-checkout-keyword">
<kw name="Get Webelements" owner="AppiumLibrary">
<msg time="2025-09-17T17:42:01.582469" level="INFO">xpath criteria: //android.view.View[contains(@content-desc," Min")]</msg>
<msg time="2025-09-17T17:42:01.582913" level="INFO">${technician_list_data} = [&lt;appium.webdriver.webelement.WebElement (session="7ead6488-f6b5-4d43-8ffa-529157561c1f", element="00000000-0000-0276-0000-134b00000003")&gt;, &lt;appium.webdriver.webelement.WebElement (session="7ead6488-f...</msg>
<var>${technician_list_data}</var>
<arg>${TECHNICIAN_CARD}</arg>
<doc>Returns list of [http://selenium-python.readthedocs.io/api.html#module-selenium.webdriver.remote.webelement|WebElement] objects matching ``locator``.</doc>
<status status="PASS" start="2025-09-17T17:42:01.318779" elapsed="0.264293"/>
</kw>
<kw name="Log" owner="BuiltIn">
<msg time="2025-09-17T17:42:01.584122" level="INFO">[&lt;appium.webdriver.webelement.WebElement (session="7ead6488-f6b5-4d43-8ffa-529157561c1f", element="00000000-0000-0276-0000-134b00000003")&gt;, &lt;appium.webdriver.webelement.WebElement (session="7ead6488-f6b5-4d43-8ffa-529157561c1f", element="00000000-0000-0276-0000-134d00000003")&gt;, &lt;appium.webdriver.webelement.WebElement (session="7ead6488-f6b5-4d43-8ffa-529157561c1f", element="00000000-0000-0276-0000-134f00000003")&gt;, &lt;appium.webdriver.webelement.WebElement (session="7ead6488-f6b5-4d43-8ffa-529157561c1f", element="00000000-0000-0276-0000-135100000003")&gt;, &lt;appium.webdriver.webelement.WebElement (session="7ead6488-f6b5-4d43-8ffa-529157561c1f", element="00000000-0000-0276-0000-135300000003")&gt;, &lt;appium.webdriver.webelement.WebElement (session="7ead6488-f6b5-4d43-8ffa-529157561c1f", element="00000000-0000-0276-0000-135500000003")&gt;, &lt;appium.webdriver.webelement.WebElement (session="7ead6488-f6b5-4d43-8ffa-529157561c1f", element="00000000-0000-0276-0000-135700000003")&gt;, &lt;appium.webdriver.webelement.WebElement (session="7ead6488-f6b5-4d43-8ffa-529157561c1f", element="00000000-0000-0276-0000-135900000003")&gt;, &lt;appium.webdriver.webelement.WebElement (session="7ead6488-f6b5-4d43-8ffa-529157561c1f", element="00000000-0000-0276-0000-135b00000003")&gt;, &lt;appium.webdriver.webelement.WebElement (session="7ead6488-f6b5-4d43-8ffa-529157561c1f", element="00000000-0000-0276-0000-135d00000003")&gt;, &lt;appium.webdriver.webelement.WebElement (session="7ead6488-f6b5-4d43-8ffa-529157561c1f", element="00000000-0000-0276-0000-135f00000003")&gt;]</msg>
<arg>${technician_list_data}</arg>
<doc>Logs the given message with the given level.</doc>
<status status="PASS" start="2025-09-17T17:42:01.583733" elapsed="0.000530"/>
</kw>
<kw name="Get Length" owner="BuiltIn">
<msg time="2025-09-17T17:42:01.584876" level="INFO">Length is 11.</msg>
<msg time="2025-09-17T17:42:01.585078" level="INFO">${count_technician} = 11</msg>
<var>${count_technician}</var>
<arg>${technician_list_data}</arg>
<doc>Returns and logs the length of the given item as an integer.</doc>
<status status="PASS" start="2025-09-17T17:42:01.584542" elapsed="0.000591"/>
</kw>
<kw name="Log" owner="BuiltIn">
<msg time="2025-09-17T17:42:01.585744" level="INFO">11</msg>
<arg>${count_technician}</arg>
<doc>Logs the given message with the given level.</doc>
<status status="PASS" start="2025-09-17T17:42:01.585452" elapsed="0.000386"/>
</kw>
<kw name="Evaluate" owner="BuiltIn">
<msg time="2025-09-17T17:42:01.586549" level="INFO">${index} = 0</msg>
<var>${index}</var>
<arg>__import__('random').randrange(${count_technician})</arg>
<doc>Evaluates the given expression in Python and returns the result.</doc>
<status status="PASS" start="2025-09-17T17:42:01.586069" elapsed="0.000531"/>
</kw>
<kw name="Get From List" owner="Collections">
<msg time="2025-09-17T17:42:01.587182" level="INFO">${random_technician} = &lt;appium.webdriver.webelement.WebElement (session="7ead6488-f6b5-4d43-8ffa-529157561c1f", element="00000000-0000-0276-0000-134b00000003")&gt;</msg>
<var>${random_technician}</var>
<arg>${technician_list_data}</arg>
<arg>${index}</arg>
<doc>Returns the value specified with an ``index`` from ``list``.</doc>
<status status="PASS" start="2025-09-17T17:42:01.586829" elapsed="0.000407"/>
</kw>
<kw name="Get Element Attribute" owner="AppiumLibrary">
<msg time="2025-09-17T17:42:01.631011" level="INFO">Element '&lt;appium.webdriver.webelement.WebElement (session="7ead6488-f6b5-4d43-8ffa-529157561c1f", element="00000000-0000-0276-0000-134b00000003")&gt;' attribute 'contentDescription' value 'Mira (PN 0002)
 0 Min
 0 Min' </msg>
<msg time="2025-09-17T17:42:01.631263" level="INFO">${desc} = Mira (PN 0002)
 0 Min
 0 Min</msg>
<var>${desc}</var>
<arg>${random_technician}</arg>
<arg>contentDescription</arg>
<doc>Get element attribute using given attribute: name, value,...</doc>
<status status="PASS" start="2025-09-17T17:42:01.587484" elapsed="0.043836"/>
</kw>
<kw name="Click Element" owner="AppiumLibrary">
<msg time="2025-09-17T17:42:01.639955" level="INFO">Clicking element '&lt;appium.webdriver.webelement.WebElement (session="7ead6488-f6b5-4d43-8ffa-529157561c1f", element="00000000-0000-0276-0000-134b00000003")&gt;'.</msg>
<arg>${random_technician}</arg>
<doc>Click element identified by `locator`.</doc>
<status status="PASS" start="2025-09-17T17:42:01.631666" elapsed="0.098511"/>
</kw>
<status status="PASS" start="2025-09-17T17:42:01.318075" elapsed="0.412579"/>
</kw>
<kw name="Then user select Service" owner="tab-checkout-keyword">
<kw name="Get Webelements" owner="AppiumLibrary">
<msg time="2025-09-17T17:42:02.479450" level="INFO">xpath criteria: //android.view.View[contains(@content-desc,"mins")]</msg>
<msg time="2025-09-17T17:42:02.480280" level="INFO">${services_list_data} = [&lt;appium.webdriver.webelement.WebElement (session="7ead6488-f6b5-4d43-8ffa-529157561c1f", element="00000000-0000-0276-0000-137900000003")&gt;, &lt;appium.webdriver.webelement.WebElement (session="7ead6488-f...</msg>
<var>${services_list_data}</var>
<arg>${SERVICE_CARDS}</arg>
<doc>Returns list of [http://selenium-python.readthedocs.io/api.html#module-selenium.webdriver.remote.webelement|WebElement] objects matching ``locator``.</doc>
<status status="PASS" start="2025-09-17T17:42:01.733792" elapsed="0.746932"/>
</kw>
<kw name="Log" owner="BuiltIn">
<msg time="2025-09-17T17:42:02.481677" level="INFO">[&lt;appium.webdriver.webelement.WebElement (session="7ead6488-f6b5-4d43-8ffa-529157561c1f", element="00000000-0000-0276-0000-137900000003")&gt;, &lt;appium.webdriver.webelement.WebElement (session="7ead6488-f6b5-4d43-8ffa-529157561c1f", element="00000000-0000-0276-0000-137b00000003")&gt;, &lt;appium.webdriver.webelement.WebElement (session="7ead6488-f6b5-4d43-8ffa-529157561c1f", element="00000000-0000-0276-0000-137d00000003")&gt;, &lt;appium.webdriver.webelement.WebElement (session="7ead6488-f6b5-4d43-8ffa-529157561c1f", element="00000000-0000-0276-0000-137f00000003")&gt;, &lt;appium.webdriver.webelement.WebElement (session="7ead6488-f6b5-4d43-8ffa-529157561c1f", element="00000000-0000-0276-0000-138100000003")&gt;]</msg>
<arg>${services_list_data}</arg>
<doc>Logs the given message with the given level.</doc>
<status status="PASS" start="2025-09-17T17:42:02.481106" elapsed="0.000700"/>
</kw>
<kw name="Get Length" owner="BuiltIn">
<msg time="2025-09-17T17:42:02.482410" level="INFO">Length is 5.</msg>
<msg time="2025-09-17T17:42:02.482763" level="INFO">${count_services} = 5</msg>
<var>${count_services}</var>
<arg>${services_list_data}</arg>
<doc>Returns and logs the length of the given item as an integer.</doc>
<status status="PASS" start="2025-09-17T17:42:02.482083" elapsed="0.000757"/>
</kw>
<kw name="Run Keyword If" owner="BuiltIn">
<arg>${count_services} == 0</arg>
<arg>Fail</arg>
<arg>No service cards found</arg>
<doc>Runs the given keyword with the given arguments, if ``condition`` is true.</doc>
<status status="PASS" start="2025-09-17T17:42:02.483126" elapsed="0.000388"/>
</kw>
<kw name="Create List" owner="BuiltIn">
<msg time="2025-09-17T17:42:02.484349" level="INFO">@{selected_service_amounts} = [ ]</msg>
<var>@{selected_service_amounts}</var>
<doc>Returns a list containing given items.</doc>
<status status="PASS" start="2025-09-17T17:42:02.483773" elapsed="0.000645"/>
</kw>
<for flavor="IN RANGE">
<iter>
<kw name="Evaluate" owner="BuiltIn">
<msg time="2025-09-17T17:42:02.486245" level="INFO">${index} = 2</msg>
<var>${index}</var>
<arg>__import__('random').randrange(${count_services})</arg>
<doc>Evaluates the given expression in Python and returns the result.</doc>
<status status="PASS" start="2025-09-17T17:42:02.485732" elapsed="0.000572"/>
</kw>
<kw name="Get From List" owner="Collections">
<msg time="2025-09-17T17:42:02.486882" level="INFO">${random_service} = &lt;appium.webdriver.webelement.WebElement (session="7ead6488-f6b5-4d43-8ffa-529157561c1f", element="00000000-0000-0276-0000-137d00000003")&gt;</msg>
<var>${random_service}</var>
<arg>${services_list_data}</arg>
<arg>${index}</arg>
<doc>Returns the value specified with an ``index`` from ``list``.</doc>
<status status="PASS" start="2025-09-17T17:42:02.486537" elapsed="0.000401"/>
</kw>
<kw name="Get Element Attribute" owner="AppiumLibrary">
<msg time="2025-09-17T17:42:02.533471" level="INFO">Element '&lt;appium.webdriver.webelement.WebElement (session="7ead6488-f6b5-4d43-8ffa-529157561c1f", element="00000000-0000-0276-0000-137d00000003")&gt;' attribute 'contentDescription' value 'Lips Treatment
15 mins
$20.00' </msg>
<msg time="2025-09-17T17:42:02.533879" level="INFO">${desc} = Lips Treatment
15 mins
$20.00</msg>
<var>${desc}</var>
<arg>${random_service}</arg>
<arg>contentDescription</arg>
<doc>Get element attribute using given attribute: name, value,...</doc>
<status status="PASS" start="2025-09-17T17:42:02.487158" elapsed="0.046788"/>
</kw>
<kw name="Extract Value After Dollar Symbol" owner="tab-checkout-keyword">
<kw name="Get Element Attribute" owner="AppiumLibrary">
<msg time="2025-09-17T17:42:02.587209" level="INFO">Element '&lt;appium.webdriver.webelement.WebElement (session="7ead6488-f6b5-4d43-8ffa-529157561c1f", element="00000000-0000-0276-0000-137d00000003")&gt;' attribute 'contentDescription' value 'Lips Treatment
15 mins
$20.00' </msg>
<msg time="2025-09-17T17:42:02.587505" level="INFO">${desc} = Lips Treatment
15 mins
$20.00</msg>
<var>${desc}</var>
<arg>${element}</arg>
<arg>${attribute}</arg>
<doc>Get element attribute using given attribute: name, value,...</doc>
<status status="PASS" start="2025-09-17T17:42:02.535854" elapsed="0.051708"/>
</kw>
<kw name="Split String" owner="String">
<msg time="2025-09-17T17:42:02.588354" level="INFO">${after_dollar} = ['Lips Treatment\n15 mins\n', '20.00']</msg>
<var>${after_dollar}</var>
<arg>${desc}</arg>
<arg>${split_char}</arg>
<arg>1</arg>
<doc>Splits the ``string`` using ``separator`` as a delimiter string.</doc>
<status status="PASS" start="2025-09-17T17:42:02.587906" elapsed="0.000501"/>
</kw>
<kw name="Strip String" owner="String">
<msg time="2025-09-17T17:42:02.588955" level="INFO">${value_after_dollar} = 20.00</msg>
<var>${value_after_dollar}</var>
<arg>${after_dollar}[1]</arg>
<doc>Remove leading and/or trailing whitespaces from the given string.</doc>
<status status="PASS" start="2025-09-17T17:42:02.588641" elapsed="0.000367"/>
</kw>
<return>
<value>${value_after_dollar}</value>
<status status="PASS" start="2025-09-17T17:42:02.589118" elapsed="0.000105"/>
</return>
<msg time="2025-09-17T17:42:02.589498" level="INFO">${service_amount} = 20.00</msg>
<var>${service_amount}</var>
<arg>${random_service}</arg>
<status status="PASS" start="2025-09-17T17:42:02.534604" elapsed="0.054945"/>
</kw>
<kw name="Append To List" owner="Collections">
<arg>${selected_service_amounts}</arg>
<arg>${service_amount}</arg>
<doc>Adds ``values`` to the end of ``list``.</doc>
<status status="PASS" start="2025-09-17T17:42:02.589768" elapsed="0.000303"/>
</kw>
<kw name="Click Element" owner="AppiumLibrary">
<msg time="2025-09-17T17:42:02.598751" level="INFO">Clicking element '&lt;appium.webdriver.webelement.WebElement (session="7ead6488-f6b5-4d43-8ffa-529157561c1f", element="00000000-0000-0276-0000-137d00000003")&gt;'.</msg>
<arg>${random_service}</arg>
<doc>Click element identified by `locator`.</doc>
<status status="PASS" start="2025-09-17T17:42:02.590302" elapsed="0.606723"/>
</kw>
<kw name="Log" owner="BuiltIn">
<msg time="2025-09-17T17:42:03.198254" level="INFO">Clicked index 2 -&gt; Lips Treatment
15 mins
$20.00</msg>
<arg>Clicked index ${index} -&gt; ${desc}</arg>
<doc>Logs the given message with the given level.</doc>
<status status="PASS" start="2025-09-17T17:42:03.197578" elapsed="0.000792"/>
</kw>
<kw name="Sleep" owner="BuiltIn">
<msg time="2025-09-17T17:42:03.699823" level="INFO">Slept 500 milliseconds.</msg>
<arg>0.5s</arg>
<doc>Pauses the test executed for the given time.</doc>
<status status="PASS" start="2025-09-17T17:42:03.198638" elapsed="0.501421"/>
</kw>
<var name="${i}">0</var>
<status status="PASS" start="2025-09-17T17:42:02.485303" elapsed="1.214858"/>
</iter>
<iter>
<kw name="Evaluate" owner="BuiltIn">
<msg time="2025-09-17T17:42:03.701381" level="INFO">${index} = 3</msg>
<var>${index}</var>
<arg>__import__('random').randrange(${count_services})</arg>
<doc>Evaluates the given expression in Python and returns the result.</doc>
<status status="PASS" start="2025-09-17T17:42:03.700858" elapsed="0.000573"/>
</kw>
<kw name="Get From List" owner="Collections">
<msg time="2025-09-17T17:42:03.701983" level="INFO">${random_service} = &lt;appium.webdriver.webelement.WebElement (session="7ead6488-f6b5-4d43-8ffa-529157561c1f", element="00000000-0000-0276-0000-137f00000003")&gt;</msg>
<var>${random_service}</var>
<arg>${services_list_data}</arg>
<arg>${index}</arg>
<doc>Returns the value specified with an ``index`` from ``list``.</doc>
<status status="PASS" start="2025-09-17T17:42:03.701648" elapsed="0.000389"/>
</kw>
<kw name="Get Element Attribute" owner="AppiumLibrary">
<msg time="2025-09-17T17:42:03.832687" level="INFO">Element '&lt;appium.webdriver.webelement.WebElement (session="7ead6488-f6b5-4d43-8ffa-529157561c1f", element="00000000-0000-0276-0000-137f00000003")&gt;' attribute 'contentDescription' value 'Lip Wax
15 mins
$20.00' </msg>
<msg time="2025-09-17T17:42:03.833193" level="INFO">${desc} = Lip Wax
15 mins
$20.00</msg>
<var>${desc}</var>
<arg>${random_service}</arg>
<arg>contentDescription</arg>
<doc>Get element attribute using given attribute: name, value,...</doc>
<status status="PASS" start="2025-09-17T17:42:03.702276" elapsed="0.130992"/>
</kw>
<kw name="Extract Value After Dollar Symbol" owner="tab-checkout-keyword">
<kw name="Get Element Attribute" owner="AppiumLibrary">
<msg time="2025-09-17T17:42:03.881877" level="INFO">Element '&lt;appium.webdriver.webelement.WebElement (session="7ead6488-f6b5-4d43-8ffa-529157561c1f", element="00000000-0000-0276-0000-137f00000003")&gt;' attribute 'contentDescription' value 'Lip Wax
15 mins
$20.00' </msg>
<msg time="2025-09-17T17:42:03.882132" level="INFO">${desc} = Lip Wax
15 mins
$20.00</msg>
<var>${desc}</var>
<arg>${element}</arg>
<arg>${attribute}</arg>
<doc>Get element attribute using given attribute: name, value,...</doc>
<status status="PASS" start="2025-09-17T17:42:03.834472" elapsed="0.047718"/>
</kw>
<kw name="Split String" owner="String">
<msg time="2025-09-17T17:42:03.883006" level="INFO">${after_dollar} = ['Lip Wax\n15 mins\n', '20.00']</msg>
<var>${after_dollar}</var>
<arg>${desc}</arg>
<arg>${split_char}</arg>
<arg>1</arg>
<doc>Splits the ``string`` using ``separator`` as a delimiter string.</doc>
<status status="PASS" start="2025-09-17T17:42:03.882543" elapsed="0.000526"/>
</kw>
<kw name="Strip String" owner="String">
<msg time="2025-09-17T17:42:03.883708" level="INFO">${value_after_dollar} = 20.00</msg>
<var>${value_after_dollar}</var>
<arg>${after_dollar}[1]</arg>
<doc>Remove leading and/or trailing whitespaces from the given string.</doc>
<status status="PASS" start="2025-09-17T17:42:03.883352" elapsed="0.000410"/>
</kw>
<return>
<value>${value_after_dollar}</value>
<status status="PASS" start="2025-09-17T17:42:03.883872" elapsed="0.000089"/>
</return>
<msg time="2025-09-17T17:42:03.884302" level="INFO">${service_amount} = 20.00</msg>
<var>${service_amount}</var>
<arg>${random_service}</arg>
<status status="PASS" start="2025-09-17T17:42:03.833741" elapsed="0.050614"/>
</kw>
<kw name="Append To List" owner="Collections">
<arg>${selected_service_amounts}</arg>
<arg>${service_amount}</arg>
<doc>Adds ``values`` to the end of ``list``.</doc>
<status status="PASS" start="2025-09-17T17:42:03.884615" elapsed="0.000447"/>
</kw>
<kw name="Click Element" owner="AppiumLibrary">
<msg time="2025-09-17T17:42:03.893448" level="INFO">Clicking element '&lt;appium.webdriver.webelement.WebElement (session="7ead6488-f6b5-4d43-8ffa-529157561c1f", element="00000000-0000-0276-0000-137f00000003")&gt;'.</msg>
<arg>${random_service}</arg>
<doc>Click element identified by `locator`.</doc>
<status status="PASS" start="2025-09-17T17:42:03.885346" elapsed="0.104355"/>
</kw>
<kw name="Log" owner="BuiltIn">
<msg time="2025-09-17T17:42:03.991087" level="INFO">Clicked index 3 -&gt; Lip Wax
15 mins
$20.00</msg>
<arg>Clicked index ${index} -&gt; ${desc}</arg>
<doc>Logs the given message with the given level.</doc>
<status status="PASS" start="2025-09-17T17:42:03.990663" elapsed="0.000542"/>
</kw>
<kw name="Sleep" owner="BuiltIn">
<msg time="2025-09-17T17:42:04.492585" level="INFO">Slept 500 milliseconds.</msg>
<arg>0.5s</arg>
<doc>Pauses the test executed for the given time.</doc>
<status status="PASS" start="2025-09-17T17:42:03.991502" elapsed="0.501312"/>
</kw>
<var name="${i}">1</var>
<status status="PASS" start="2025-09-17T17:42:03.700543" elapsed="0.792379"/>
</iter>
<iter>
<kw name="Evaluate" owner="BuiltIn">
<msg time="2025-09-17T17:42:04.494025" level="INFO">${index} = 1</msg>
<var>${index}</var>
<arg>__import__('random').randrange(${count_services})</arg>
<doc>Evaluates the given expression in Python and returns the result.</doc>
<status status="PASS" start="2025-09-17T17:42:04.493530" elapsed="0.000545"/>
</kw>
<kw name="Get From List" owner="Collections">
<msg time="2025-09-17T17:42:04.494645" level="INFO">${random_service} = &lt;appium.webdriver.webelement.WebElement (session="7ead6488-f6b5-4d43-8ffa-529157561c1f", element="00000000-0000-0276-0000-137b00000003")&gt;</msg>
<var>${random_service}</var>
<arg>${services_list_data}</arg>
<arg>${index}</arg>
<doc>Returns the value specified with an ``index`` from ``list``.</doc>
<status status="PASS" start="2025-09-17T17:42:04.494294" elapsed="0.000402"/>
</kw>
<kw name="Get Element Attribute" owner="AppiumLibrary">
<msg time="2025-09-17T17:42:04.548020" level="INFO">Element '&lt;appium.webdriver.webelement.WebElement (session="7ead6488-f6b5-4d43-8ffa-529157561c1f", element="00000000-0000-0276-0000-137b00000003")&gt;' attribute 'contentDescription' value 'Ear Candling
20 mins
$20.00' </msg>
<msg time="2025-09-17T17:42:04.548274" level="INFO">${desc} = Ear Candling
20 mins
$20.00</msg>
<var>${desc}</var>
<arg>${random_service}</arg>
<arg>contentDescription</arg>
<doc>Get element attribute using given attribute: name, value,...</doc>
<status status="PASS" start="2025-09-17T17:42:04.494908" elapsed="0.053423"/>
</kw>
<kw name="Extract Value After Dollar Symbol" owner="tab-checkout-keyword">
<kw name="Get Element Attribute" owner="AppiumLibrary">
<msg time="2025-09-17T17:42:04.598482" level="INFO">Element '&lt;appium.webdriver.webelement.WebElement (session="7ead6488-f6b5-4d43-8ffa-529157561c1f", element="00000000-0000-0276-0000-137b00000003")&gt;' attribute 'contentDescription' value 'Ear Candling
20 mins
$20.00' </msg>
<msg time="2025-09-17T17:42:04.598724" level="INFO">${desc} = Ear Candling
20 mins
$20.00</msg>
<var>${desc}</var>
<arg>${element}</arg>
<arg>${attribute}</arg>
<doc>Get element attribute using given attribute: name, value,...</doc>
<status status="PASS" start="2025-09-17T17:42:04.549521" elapsed="0.049262"/>
</kw>
<kw name="Split String" owner="String">
<msg time="2025-09-17T17:42:04.599530" level="INFO">${after_dollar} = ['Ear Candling\n20 mins\n', '20.00']</msg>
<var>${after_dollar}</var>
<arg>${desc}</arg>
<arg>${split_char}</arg>
<arg>1</arg>
<doc>Splits the ``string`` using ``separator`` as a delimiter string.</doc>
<status status="PASS" start="2025-09-17T17:42:04.599129" elapsed="0.000452"/>
</kw>
<kw name="Strip String" owner="String">
<msg time="2025-09-17T17:42:04.600106" level="INFO">${value_after_dollar} = 20.00</msg>
<var>${value_after_dollar}</var>
<arg>${after_dollar}[1]</arg>
<doc>Remove leading and/or trailing whitespaces from the given string.</doc>
<status status="PASS" start="2025-09-17T17:42:04.599812" elapsed="0.000345"/>
</kw>
<return>
<value>${value_after_dollar}</value>
<status status="PASS" start="2025-09-17T17:42:04.600253" elapsed="0.000069"/>
</return>
<msg time="2025-09-17T17:42:04.600591" level="INFO">${service_amount} = 20.00</msg>
<var>${service_amount}</var>
<arg>${random_service}</arg>
<status status="PASS" start="2025-09-17T17:42:04.548802" elapsed="0.051847"/>
</kw>
<kw name="Append To List" owner="Collections">
<arg>${selected_service_amounts}</arg>
<arg>${service_amount}</arg>
<doc>Adds ``values`` to the end of ``list``.</doc>
<status status="PASS" start="2025-09-17T17:42:04.600923" elapsed="0.000291"/>
</kw>
<kw name="Click Element" owner="AppiumLibrary">
<msg time="2025-09-17T17:42:04.609671" level="INFO">Clicking element '&lt;appium.webdriver.webelement.WebElement (session="7ead6488-f6b5-4d43-8ffa-529157561c1f", element="00000000-0000-0276-0000-137b00000003")&gt;'.</msg>
<arg>${random_service}</arg>
<doc>Click element identified by `locator`.</doc>
<status status="PASS" start="2025-09-17T17:42:04.601432" elapsed="0.157027"/>
</kw>
<kw name="Log" owner="BuiltIn">
<msg time="2025-09-17T17:42:04.759615" level="INFO">Clicked index 1 -&gt; Ear Candling
20 mins
$20.00</msg>
<arg>Clicked index ${index} -&gt; ${desc}</arg>
<doc>Logs the given message with the given level.</doc>
<status status="PASS" start="2025-09-17T17:42:04.759000" elapsed="0.000764"/>
</kw>
<kw name="Sleep" owner="BuiltIn">
<msg time="2025-09-17T17:42:05.261961" level="INFO">Slept 500 milliseconds.</msg>
<arg>0.5s</arg>
<doc>Pauses the test executed for the given time.</doc>
<status status="PASS" start="2025-09-17T17:42:04.760508" elapsed="0.501674"/>
</kw>
<var name="${i}">2</var>
<status status="PASS" start="2025-09-17T17:42:04.493260" elapsed="0.769030"/>
</iter>
<var>${i}</var>
<value>${n}</value>
<status status="PASS" start="2025-09-17T17:42:02.484763" elapsed="2.777615"/>
</for>
<kw name="Sum Service Amounts" owner="tab-checkout-keyword">
<kw name="Set Variable" owner="BuiltIn">
<msg time="2025-09-17T17:42:05.263959" level="INFO">${total} = 0.0</msg>
<var>${total}</var>
<arg>0.0</arg>
<doc>Returns the given values which can then be assigned to a variables.</doc>
<status status="PASS" start="2025-09-17T17:42:05.263644" elapsed="0.000374"/>
</kw>
<for flavor="IN">
<iter>
<kw name="Convert To Number" owner="BuiltIn">
<msg time="2025-09-17T17:42:05.264997" level="INFO">${amount_float} = 20.0</msg>
<var>${amount_float}</var>
<arg>${amount}</arg>
<doc>Converts the given item to a floating point number.</doc>
<status status="PASS" start="2025-09-17T17:42:05.264634" elapsed="0.000417"/>
</kw>
<kw name="Evaluate" owner="BuiltIn">
<msg time="2025-09-17T17:42:05.265759" level="INFO">${total} = 20.0</msg>
<var>${total}</var>
<arg>${total} + ${amount_float}</arg>
<doc>Evaluates the given expression in Python and returns the result.</doc>
<status status="PASS" start="2025-09-17T17:42:05.265276" elapsed="0.000539"/>
</kw>
<var name="${amount}">20.00</var>
<status status="PASS" start="2025-09-17T17:42:05.264446" elapsed="0.001455"/>
</iter>
<iter>
<kw name="Convert To Number" owner="BuiltIn">
<msg time="2025-09-17T17:42:05.266629" level="INFO">${amount_float} = 20.0</msg>
<var>${amount_float}</var>
<arg>${amount}</arg>
<doc>Converts the given item to a floating point number.</doc>
<status status="PASS" start="2025-09-17T17:42:05.266294" elapsed="0.000385"/>
</kw>
<kw name="Evaluate" owner="BuiltIn">
<msg time="2025-09-17T17:42:05.267265" level="INFO">${total} = 40.0</msg>
<var>${total}</var>
<arg>${total} + ${amount_float}</arg>
<doc>Evaluates the given expression in Python and returns the result.</doc>
<status status="PASS" start="2025-09-17T17:42:05.266879" elapsed="0.000440"/>
</kw>
<var name="${amount}">20.00</var>
<status status="PASS" start="2025-09-17T17:42:05.266104" elapsed="0.001284"/>
</iter>
<iter>
<kw name="Convert To Number" owner="BuiltIn">
<msg time="2025-09-17T17:42:05.268026" level="INFO">${amount_float} = 20.0</msg>
<var>${amount_float}</var>
<arg>${amount}</arg>
<doc>Converts the given item to a floating point number.</doc>
<status status="PASS" start="2025-09-17T17:42:05.267734" elapsed="0.000339"/>
</kw>
<kw name="Evaluate" owner="BuiltIn">
<msg time="2025-09-17T17:42:05.268649" level="INFO">${total} = 60.0</msg>
<var>${total}</var>
<arg>${total} + ${amount_float}</arg>
<doc>Evaluates the given expression in Python and returns the result.</doc>
<status status="PASS" start="2025-09-17T17:42:05.268283" elapsed="0.000414"/>
</kw>
<var name="${amount}">20.00</var>
<status status="PASS" start="2025-09-17T17:42:05.267569" elapsed="0.001196"/>
</iter>
<var>${amount}</var>
<value>@{amounts}</value>
<status status="PASS" start="2025-09-17T17:42:05.264160" elapsed="0.004667"/>
</for>
<return>
<value>${total}</value>
<status status="PASS" start="2025-09-17T17:42:05.268935" elapsed="0.000072"/>
</return>
<msg time="2025-09-17T17:42:05.269242" level="INFO">${total_service_amount} = 60.0</msg>
<var>${total_service_amount}</var>
<arg>@{selected_service_amounts}</arg>
<status status="PASS" start="2025-09-17T17:42:05.262913" elapsed="0.006378"/>
</kw>
<kw name="Log" owner="BuiltIn">
<msg time="2025-09-17T17:42:05.269724" level="INFO">Total service amount: 60.0</msg>
<arg>Total service amount: ${total_service_amount}</arg>
<doc>Logs the given message with the given level.</doc>
<status status="PASS" start="2025-09-17T17:42:05.269515" elapsed="0.000288"/>
</kw>
<return>
<value>${selected_service_amounts}</value>
<value>${total_service_amount}</value>
<status status="PASS" start="2025-09-17T17:42:05.269885" elapsed="0.000048"/>
</return>
<arg>3</arg>
<status status="PASS" start="2025-09-17T17:42:01.732535" elapsed="3.537631"/>
</kw>
<tag>Positive</tag>
<tag>UI</tag>
<status status="PASS" start="2025-09-17T17:42:00.190141" elapsed="5.080585"/>
</test>
<status status="PASS" start="2025-09-17T17:41:47.881427" elapsed="17.391020"/>
</suite>
<statistics>
<total>
<stat pass="1" fail="0" skip="0">All Tests</stat>
</total>
<tag>
<stat pass="1" fail="0" skip="0">Positive</stat>
<stat pass="1" fail="0" skip="0">UI</stat>
</tag>
<suite>
<stat name="Checkout" id="s1" pass="1" fail="0" skip="0">Checkout</stat>
</suite>
</statistics>
<errors>
<msg time="2025-09-17T17:41:49.210287" level="WARN">Error in file 'D:\Automation-Testing\Robot-Framework\Salonbookly-POS\resources\keywords\mainscreen\tab-checkout-keyword.robot' on line 20: The '[Return]' setting is deprecated. Use the 'RETURN' statement instead.</msg>
<msg time="2025-09-17T17:41:49.211194" level="WARN">Error in file 'D:\Automation-Testing\Robot-Framework\Salonbookly-POS\resources\keywords\mainscreen\tab-checkout-keyword.robot' on line 41: The '[Return]' setting is deprecated. Use the 'RETURN' statement instead.</msg>
</errors>
</robot>
