<?xml version="1.0" encoding="UTF-8"?>
<robot generator="Robot 7.3.2 (Python 3.13.3 on win32)" generated="2025-09-19T15:14:46.087970" rpa="false" schemaversion="5">
<suite id="s1" name="Employee" source="D:\Automation-Testing\Robot-Framework\Salonbookly-POS\tests\employee\employee.robot">
<kw name="Access to POS" owner="common-keywords" type="SETUP">
<kw name="Open Application" owner="AppiumLibrary">
<arg>${REMOTE_URL}</arg>
<arg>platformName=${PLATFORM_NAME}</arg>
<arg>platformVersion=${PLATFORM_VERSION}</arg>
<arg>deviceName=${DEVICE_NAME}</arg>
<arg>device=${UDID}</arg>
<arg>appPackage=${APP_PACKAGE}</arg>
<arg>appActivity=${APP_ACTIVITY}</arg>
<arg>automationName=${AUTOMATION_NAME}</arg>
<arg>noReset=true</arg>
<doc>Opens a new application to given Appium server.
Capabilities of appium server, Android and iOS,
Please check https://appium.io/docs/en/2.1/cli/args/
| *Option*            | *Man.* | *Description*     |
| remote_url          | Yes    | Appium server url |
| alias               | no     | alias             |
| strict_ssl          | No     | allows you to send commands to an invalid certificate host like a self-signed one. |</doc>
<status status="PASS" start="2025-09-19T15:14:47.715457" elapsed="8.683846"/>
</kw>
<kw name="Sleep" owner="BuiltIn">
<msg time="2025-09-19T15:15:01.400569" level="INFO">Slept 5 seconds.</msg>
<arg>5s</arg>
<doc>Pauses the test executed for the given time.</doc>
<status status="PASS" start="2025-09-19T15:14:56.399800" elapsed="5.001052"/>
</kw>
<status status="PASS" start="2025-09-19T15:14:47.712385" elapsed="13.688759"/>
</kw>
<test id="s1-t1" name="Verify the system displays correct UI, layout Employee Creation From" line="12">
<kw name="Given user is on Employee list screen" owner="employee-keywords">
<kw name="Wait Until Element Is Visible" owner="AppiumLibrary">
<msg time="2025-09-19T15:15:02.905826" level="INFO">xpath criteria: //android.view.View[@content-desc="Create an employee"]</msg>
<arg>${CREATE_AN_EMPLOYEE_BUTTON}</arg>
<doc>Waits until element specified with `locator` is visible.</doc>
<status status="PASS" start="2025-09-19T15:15:01.403592" elapsed="1.502687"/>
</kw>
<kw name="Wait Until Element Is Visible" owner="AppiumLibrary">
<msg time="2025-09-19T15:15:03.435849" level="INFO">xpath criteria: //android.widget.EditText[@hint="Search by name, email, phone number"]</msg>
<arg>${SEARCH_EMPLOYEE_FIELD}</arg>
<doc>Waits until element specified with `locator` is visible.</doc>
<status status="PASS" start="2025-09-19T15:15:02.906708" elapsed="0.529369"/>
</kw>
<status status="PASS" start="2025-09-19T15:15:01.402889" elapsed="2.033485"/>
</kw>
<kw name="When user press on &quot;Create An Employee&quot; button" owner="employee-keywords">
<kw name="Click Element" owner="AppiumLibrary">
<msg time="2025-09-19T15:15:03.449338" level="INFO">Clicking element 'xpath=//android.view.View[@content-desc="Create an employee"]'.</msg>
<msg time="2025-09-19T15:15:03.966258" level="INFO">xpath criteria: //android.view.View[@content-desc="Create an employee"]</msg>
<arg>${CREATE_AN_EMPLOYEE_BUTTON}</arg>
<doc>Click element identified by `locator`.</doc>
<status status="PASS" start="2025-09-19T15:15:03.438401" elapsed="0.528091"/>
</kw>
<status status="PASS" start="2025-09-19T15:15:03.437633" elapsed="0.529240"/>
</kw>
<kw name="Then system displays correct UI, layout Employee Creation screen" owner="employee-keywords">
<kw name="Wait Until Element Is Visible" owner="AppiumLibrary">
<msg time="2025-09-19T15:15:04.829177" level="INFO">xpath criteria: //android.view.View[@content-desc="Back to employee"]</msg>
<arg>${BACK_TO_EMPLOYEE_LIST_BUTTON}</arg>
<doc>Waits until element specified with `locator` is visible.</doc>
<status status="PASS" start="2025-09-19T15:15:03.969683" elapsed="0.859720"/>
</kw>
<kw name="Wait Until Element Is Visible" owner="AppiumLibrary">
<msg time="2025-09-19T15:15:05.058834" level="INFO">xpath criteria: //android.view.View[normalize-space(@content-desc)="Choose an image Select file"]</msg>
<arg>${SELECT_FILE_BUTTON}</arg>
<doc>Waits until element specified with `locator` is visible.</doc>
<status status="PASS" start="2025-09-19T15:15:04.829979" elapsed="0.229029"/>
</kw>
<status status="PASS" start="2025-09-19T15:15:03.968773" elapsed="1.090417"/>
</kw>
<status status="PASS" start="2025-09-19T15:15:01.401369" elapsed="3.658311"/>
</test>
<test id="s1-t2" name="Verify the system displays validation text when user input data less than 2 characters in First Name field" line="17">
<kw name="When user input data less than 2 characters in First Name field" owner="employee-keywords">
<kw name="Click Element" owner="AppiumLibrary">
<msg time="2025-09-19T15:15:05.077783" level="INFO">Clicking element 'xpath=//android.widget.EditText[@hint="First Name"]'.</msg>
<msg time="2025-09-19T15:15:05.370574" level="INFO">xpath criteria: //android.widget.EditText[@hint="First Name"]</msg>
<arg>${EMPLOYEE_FIRST_NAME_FIELD}</arg>
<doc>Click element identified by `locator`.</doc>
<status status="PASS" start="2025-09-19T15:15:05.063177" elapsed="0.307657"/>
</kw>
<kw name="Input Text" owner="AppiumLibrary">
<msg time="2025-09-19T15:15:05.383243" level="INFO">Typing text 'a' into text field 'xpath=//android.widget.EditText[@hint="First Name"]'</msg>
<msg time="2025-09-19T15:15:06.588714" level="INFO">xpath criteria: //android.widget.EditText[@hint="First Name"]</msg>
<arg>${EMPLOYEE_FIRST_NAME_FIELD}</arg>
<arg>${LESS_THAN_2_CHARACTERS}</arg>
<doc>Types the given `text` into text field identified by `locator`.</doc>
<status status="PASS" start="2025-09-19T15:15:05.371527" elapsed="1.217361"/>
</kw>
<status status="PASS" start="2025-09-19T15:15:05.062522" elapsed="1.526565"/>
</kw>
<kw name="Then system displays validation text when First Name field has fewer 2 chararcters" owner="employee-keywords">
<kw name="Wait Until Element Is Visible" owner="AppiumLibrary">
<msg time="2025-09-19T15:15:07.464943" level="INFO">xpath criteria: //android.view.View[@content-desc="This field must be 2 characters or longer!"]</msg>
<arg>${VALIDATION_EMPLOYEE_FIRST_NAME_LESS_THAN_2_CHARACTERS}</arg>
<doc>Waits until element specified with `locator` is visible.</doc>
<status status="PASS" start="2025-09-19T15:15:06.590474" elapsed="0.874821"/>
</kw>
<status status="PASS" start="2025-09-19T15:15:06.589839" elapsed="0.875641"/>
</kw>
<status status="PASS" start="2025-09-19T15:15:05.060848" elapsed="2.405119"/>
</test>
<status status="PASS" start="2025-09-19T15:14:46.091543" elapsed="21.375943"/>
</suite>
<statistics>
<total>
<stat pass="2" fail="0" skip="0">All Tests</stat>
</total>
<tag>
</tag>
<suite>
<stat name="Employee" id="s1" pass="2" fail="0" skip="0">Employee</stat>
</suite>
</statistics>
<errors>
</errors>
</robot>
