<?xml version="1.0" encoding="UTF-8"?>
<robot generator="Robot 7.3.2 (Python 3.13.3 on win32)" generated="2025-09-18T15:56:58.655778" rpa="false" schemaversion="5">
<suite id="s1" name="Checkout" source="D:\Automation-Testing\Robot-Framework\Salonbookly-POS\tests\mainscreen\checkout.robot">
<kw name="Access to POS" owner="common-keywords" type="SETUP">
<kw name="Open Application" owner="AppiumLibrary">
<arg>${REMOTE_URL}</arg>
<arg>platformName=${PLATFORM_NAME}</arg>
<arg>platformVersion=${PLATFORM_VERSION}</arg>
<arg>deviceName=${DEVICE_NAME}</arg>
<arg>device=${UDID}</arg>
<arg>appPackage=${APP_PACKAGE}</arg>
<arg>appActivity=${APP_ACTIVITY}</arg>
<arg>automationName=${AUTOMATION_NAME}</arg>
<arg>noReset=true</arg>
<doc>Opens a new application to given Appium server.
Capabilities of appium server, Android and iOS,
Please check https://appium.io/docs/en/2.1/cli/args/
| *Option*            | *Man.* | *Description*     |
| remote_url          | Yes    | Appium server url |
| alias               | no     | alias             |
| strict_ssl          | No     | allows you to send commands to an invalid certificate host like a self-signed one. |</doc>
<status status="PASS" start="2025-09-18T15:57:00.095234" elapsed="6.822952"/>
</kw>
<kw name="Sleep" owner="BuiltIn">
<msg time="2025-09-18T15:57:11.919401" level="INFO">Slept 5 seconds.</msg>
<arg>5s</arg>
<doc>Pauses the test executed for the given time.</doc>
<status status="PASS" start="2025-09-18T15:57:06.918672" elapsed="5.000981"/>
</kw>
<status status="PASS" start="2025-09-18T15:57:00.093338" elapsed="11.826525"/>
</kw>
<test id="s1-t1" name="Verify the user checkout with CASH method successfully" line="7">
<kw name="Given the user is on Checkout tab" owner="tab-checkout-keyword">
<kw name="Wait Until Element Is Visible" owner="AppiumLibrary">
<msg time="2025-09-18T15:57:13.063147" level="INFO">xpath criteria: //android.view.View[normalize-space(@content-desc)="Change position"]</msg>
<arg>${CHANGE_POSITION_TEXT}</arg>
<doc>Waits until element specified with `locator` is visible.</doc>
<status status="PASS" start="2025-09-18T15:57:11.922229" elapsed="1.141157"/>
</kw>
<status status="PASS" start="2025-09-18T15:57:11.921557" elapsed="1.142080"/>
</kw>
<kw name="When user select Technician" owner="tab-checkout-keyword">
<kw name="Get Webelements" owner="AppiumLibrary">
<msg time="2025-09-18T15:57:13.281293" level="INFO">xpath criteria: //android.view.View[contains(@content-desc," Min")]</msg>
<msg time="2025-09-18T15:57:13.281807" level="INFO">${technician_list_data} = [&lt;appium.webdriver.webelement.WebElement (session="38d28c17-c0bf-4902-b3df-d8bc13421384", element="00000000-0000-00ad-0000-04eb00000003")&gt;, &lt;appium.webdriver.webelement.WebElement (session="38d28c17-c...</msg>
<var>${technician_list_data}</var>
<arg>${TECHNICIAN_CARD}</arg>
<doc>Returns list of [http://selenium-python.readthedocs.io/api.html#module-selenium.webdriver.remote.webelement|WebElement] objects matching ``locator``.</doc>
<status status="PASS" start="2025-09-18T15:57:13.065907" elapsed="0.215998"/>
</kw>
<kw name="Log" owner="BuiltIn">
<msg time="2025-09-18T15:57:13.282741" level="INFO">[&lt;appium.webdriver.webelement.WebElement (session="38d28c17-c0bf-4902-b3df-d8bc13421384", element="00000000-0000-00ad-0000-04eb00000003")&gt;, &lt;appium.webdriver.webelement.WebElement (session="38d28c17-c0bf-4902-b3df-d8bc13421384", element="00000000-0000-00ad-0000-04ed00000003")&gt;, &lt;appium.webdriver.webelement.WebElement (session="38d28c17-c0bf-4902-b3df-d8bc13421384", element="00000000-0000-00ad-0000-04ef00000003")&gt;, &lt;appium.webdriver.webelement.WebElement (session="38d28c17-c0bf-4902-b3df-d8bc13421384", element="00000000-0000-00ad-0000-04f100000003")&gt;, &lt;appium.webdriver.webelement.WebElement (session="38d28c17-c0bf-4902-b3df-d8bc13421384", element="00000000-0000-00ad-0000-04f300000003")&gt;, &lt;appium.webdriver.webelement.WebElement (session="38d28c17-c0bf-4902-b3df-d8bc13421384", element="00000000-0000-00ad-0000-04f500000003")&gt;, &lt;appium.webdriver.webelement.WebElement (session="38d28c17-c0bf-4902-b3df-d8bc13421384", element="00000000-0000-00ad-0000-04f700000003")&gt;, &lt;appium.webdriver.webelement.WebElement (session="38d28c17-c0bf-4902-b3df-d8bc13421384", element="00000000-0000-00ad-0000-04f900000003")&gt;]</msg>
<arg>${technician_list_data}</arg>
<doc>Logs the given message with the given level.</doc>
<status status="PASS" start="2025-09-18T15:57:13.282260" elapsed="0.000606"/>
</kw>
<kw name="Get Length" owner="BuiltIn">
<msg time="2025-09-18T15:57:13.283343" level="INFO">Length is 8.</msg>
<msg time="2025-09-18T15:57:13.283523" level="INFO">${count_technician} = 8</msg>
<var>${count_technician}</var>
<arg>${technician_list_data}</arg>
<doc>Returns and logs the length of the given item as an integer.</doc>
<status status="PASS" start="2025-09-18T15:57:13.283119" elapsed="0.000456"/>
</kw>
<kw name="Log" owner="BuiltIn">
<msg time="2025-09-18T15:57:13.284300" level="INFO">8</msg>
<arg>${count_technician}</arg>
<doc>Logs the given message with the given level.</doc>
<status status="PASS" start="2025-09-18T15:57:13.284050" elapsed="0.000337"/>
</kw>
<kw name="Evaluate" owner="BuiltIn">
<msg time="2025-09-18T15:57:13.285100" level="INFO">${index} = 5</msg>
<var>${index}</var>
<arg>__import__('random').randrange(${count_technician})</arg>
<doc>Evaluates the given expression in Python and returns the result.</doc>
<status status="PASS" start="2025-09-18T15:57:13.284624" elapsed="0.000528"/>
</kw>
<kw name="Get From List" owner="Collections">
<msg time="2025-09-18T15:57:13.285748" level="INFO">${random_technician} = &lt;appium.webdriver.webelement.WebElement (session="38d28c17-c0bf-4902-b3df-d8bc13421384", element="00000000-0000-00ad-0000-04f500000003")&gt;</msg>
<var>${random_technician}</var>
<arg>${technician_list_data}</arg>
<arg>${index}</arg>
<doc>Returns the value specified with an ``index`` from ``list``.</doc>
<status status="PASS" start="2025-09-18T15:57:13.285385" elapsed="0.000419"/>
</kw>
<kw name="Get Element Attribute" owner="AppiumLibrary">
<msg time="2025-09-18T15:57:13.353519" level="INFO">Element '&lt;appium.webdriver.webelement.WebElement (session="38d28c17-c0bf-4902-b3df-d8bc13421384", element="00000000-0000-00ad-0000-04f500000003")&gt;' attribute 'contentDescription' value 'Amy | 9989
 0 Min
 0 Min' </msg>
<msg time="2025-09-18T15:57:13.353796" level="INFO">${technician} = Amy | 9989
 0 Min
 0 Min</msg>
<var>${technician}</var>
<arg>${random_technician}</arg>
<arg>contentDescription</arg>
<doc>Get element attribute using given attribute: name, value,...</doc>
<status status="PASS" start="2025-09-18T15:57:13.286067" elapsed="0.067786"/>
</kw>
<kw name="Click Element" owner="AppiumLibrary">
<msg time="2025-09-18T15:57:13.361634" level="INFO">Clicking element '&lt;appium.webdriver.webelement.WebElement (session="38d28c17-c0bf-4902-b3df-d8bc13421384", element="00000000-0000-00ad-0000-04f500000003")&gt;'.</msg>
<arg>${random_technician}</arg>
<doc>Click element identified by `locator`.</doc>
<status status="PASS" start="2025-09-18T15:57:13.354216" elapsed="0.098076"/>
</kw>
<kw name="Set Element to Test Message" owner="common-keywords">
<kw name="Set Test Message" owner="BuiltIn">
<msg time="2025-09-18T15:57:13.454054" level="INFO">Set test message to:
: Technician:Amy | 9989
 0 Min
 0 Min</msg>
<arg>: ${element}</arg>
<arg>append=${append}</arg>
<doc>Sets message for the current test case.</doc>
<status status="PASS" start="2025-09-18T15:57:13.453612" elapsed="0.000550"/>
</kw>
<arg>Technician:${technician}</arg>
<status status="PASS" start="2025-09-18T15:57:13.452822" elapsed="0.001470"/>
</kw>
<status status="PASS" start="2025-09-18T15:57:13.064951" elapsed="0.389449"/>
</kw>
<kw name="Then user select Service" owner="tab-checkout-keyword">
<kw name="Get Webelements" owner="AppiumLibrary">
<msg time="2025-09-18T15:57:14.168967" level="INFO">xpath criteria: //android.view.View[contains(@content-desc,"mins")]</msg>
<msg time="2025-09-18T15:57:14.169277" level="INFO">${services_list_data} = [&lt;appium.webdriver.webelement.WebElement (session="38d28c17-c0bf-4902-b3df-d8bc13421384", element="00000000-0000-00ad-0000-051300000003")&gt;, &lt;appium.webdriver.webelement.WebElement (session="38d28c17-c...</msg>
<var>${services_list_data}</var>
<arg>${SERVICE_CARDS}</arg>
<doc>Returns list of [http://selenium-python.readthedocs.io/api.html#module-selenium.webdriver.remote.webelement|WebElement] objects matching ``locator``.</doc>
<status status="PASS" start="2025-09-18T15:57:13.456445" elapsed="0.713337"/>
</kw>
<kw name="Get Length" owner="BuiltIn">
<msg time="2025-09-18T15:57:14.170712" level="INFO">Length is 5.</msg>
<msg time="2025-09-18T15:57:14.170910" level="INFO">${count_services} = 5</msg>
<var>${count_services}</var>
<arg>${services_list_data}</arg>
<doc>Returns and logs the length of the given item as an integer.</doc>
<status status="PASS" start="2025-09-18T15:57:14.170330" elapsed="0.000630"/>
</kw>
<kw name="Create List" owner="BuiltIn">
<msg time="2025-09-18T15:57:14.171490" level="INFO">@{selected_services} = [ ]</msg>
<var>@{selected_services}</var>
<doc>Returns a list containing given items.</doc>
<status status="PASS" start="2025-09-18T15:57:14.171215" elapsed="0.000325"/>
</kw>
<for flavor="IN RANGE">
<iter>
<kw name="Evaluate" owner="BuiltIn">
<msg time="2025-09-18T15:57:14.172902" level="INFO">${index} = 4</msg>
<var>${index}</var>
<arg>__import__('random').randrange(${count_services})</arg>
<doc>Evaluates the given expression in Python and returns the result.</doc>
<status status="PASS" start="2025-09-18T15:57:14.172481" elapsed="0.000472"/>
</kw>
<kw name="Get From List" owner="Collections">
<msg time="2025-09-18T15:57:14.173515" level="INFO">${random_service} = &lt;appium.webdriver.webelement.WebElement (session="38d28c17-c0bf-4902-b3df-d8bc13421384", element="00000000-0000-00ad-0000-051b00000003")&gt;</msg>
<var>${random_service}</var>
<arg>${services_list_data}</arg>
<arg>${index}</arg>
<doc>Returns the value specified with an ``index`` from ``list``.</doc>
<status status="PASS" start="2025-09-18T15:57:14.173176" elapsed="0.000395"/>
</kw>
<kw name="Get Element Attribute" owner="AppiumLibrary">
<msg time="2025-09-18T15:57:14.218890" level="INFO">Element '&lt;appium.webdriver.webelement.WebElement (session="38d28c17-c0bf-4902-b3df-d8bc13421384", element="00000000-0000-00ad-0000-051b00000003")&gt;' attribute 'contentDescription' value 'Back Cleaning
60 mins
$85.00' </msg>
<msg time="2025-09-18T15:57:14.219139" level="INFO">${desc} = Back Cleaning
60 mins
$85.00</msg>
<var>${desc}</var>
<arg>${random_service}</arg>
<arg>contentDescription</arg>
<doc>Get element attribute using given attribute: name, value,...</doc>
<status status="PASS" start="2025-09-18T15:57:14.173798" elapsed="0.045397"/>
</kw>
<kw name="Get Service Price of selected service" owner="tab-checkout-keyword">
<kw name="Get Element Attribute" owner="AppiumLibrary">
<msg time="2025-09-18T15:57:14.274517" level="INFO">Element '&lt;appium.webdriver.webelement.WebElement (session="38d28c17-c0bf-4902-b3df-d8bc13421384", element="00000000-0000-00ad-0000-051b00000003")&gt;' attribute 'contentDescription' value 'Back Cleaning
60 mins
$85.00' </msg>
<msg time="2025-09-18T15:57:14.274781" level="INFO">${desc} = Back Cleaning
60 mins
$85.00</msg>
<var>${desc}</var>
<arg>${element}</arg>
<arg>${attribute}</arg>
<doc>Get element attribute using given attribute: name, value,...</doc>
<status status="PASS" start="2025-09-18T15:57:14.220391" elapsed="0.054448"/>
</kw>
<kw name="Split String" owner="String">
<msg time="2025-09-18T15:57:14.276836" level="INFO">${after_dollar} = ['Back Cleaning\n60 mins\n', '85.00']</msg>
<var>${after_dollar}</var>
<arg>${desc}</arg>
<arg>${split_char}</arg>
<arg>1</arg>
<doc>Splits the ``string`` using ``separator`` as a delimiter string.</doc>
<status status="PASS" start="2025-09-18T15:57:14.275813" elapsed="0.001141"/>
</kw>
<kw name="Strip String" owner="String">
<msg time="2025-09-18T15:57:14.277835" level="INFO">${value_after_dollar} = 85.00</msg>
<var>${value_after_dollar}</var>
<arg>${after_dollar}[1]</arg>
<doc>Remove leading and/or trailing whitespaces from the given string.</doc>
<status status="PASS" start="2025-09-18T15:57:14.277333" elapsed="0.000561"/>
</kw>
<return>
<value>${value_after_dollar}</value>
<status status="PASS" start="2025-09-18T15:57:14.278025" elapsed="0.000127"/>
</return>
<msg time="2025-09-18T15:57:14.278505" level="INFO">${service_amount} = 85.00</msg>
<var>${service_amount}</var>
<arg>${random_service}</arg>
<status status="PASS" start="2025-09-18T15:57:14.219671" elapsed="0.058888"/>
</kw>
<kw name="Append To List" owner="Collections">
<arg>${selected_services}</arg>
<arg>${service_amount}</arg>
<doc>Adds ``values`` to the end of ``list``.</doc>
<status status="PASS" start="2025-09-18T15:57:14.278835" elapsed="0.000393"/>
</kw>
<kw name="Click Element" owner="AppiumLibrary">
<msg time="2025-09-18T15:57:14.288603" level="INFO">Clicking element '&lt;appium.webdriver.webelement.WebElement (session="38d28c17-c0bf-4902-b3df-d8bc13421384", element="00000000-0000-00ad-0000-051b00000003")&gt;'.</msg>
<arg>${random_service}</arg>
<doc>Click element identified by `locator`.</doc>
<status status="PASS" start="2025-09-18T15:57:14.279474" elapsed="0.095531"/>
</kw>
<kw name="Sleep" owner="BuiltIn">
<msg time="2025-09-18T15:57:14.876451" level="INFO">Slept 500 milliseconds.</msg>
<arg>0.5s</arg>
<doc>Pauses the test executed for the given time.</doc>
<status status="PASS" start="2025-09-18T15:57:14.375461" elapsed="0.501222"/>
</kw>
<kw name="Set Element to Test Message" owner="common-keywords">
<kw name="Set Test Message" owner="BuiltIn">
<msg time="2025-09-18T15:57:14.878258" level="INFO">Set test message to:
: Technician:Amy | 9989
 0 Min
 0 Min : Service:Back Cleaning
60 mins
$85.00</msg>
<arg>: ${element}</arg>
<arg>append=${append}</arg>
<doc>Sets message for the current test case.</doc>
<status status="PASS" start="2025-09-18T15:57:14.877846" elapsed="0.000499"/>
</kw>
<arg>Service:${desc}</arg>
<status status="PASS" start="2025-09-18T15:57:14.877139" elapsed="0.001319"/>
</kw>
<var name="${i}">0</var>
<status status="PASS" start="2025-09-18T15:57:14.172279" elapsed="0.706241"/>
</iter>
<iter>
<kw name="Evaluate" owner="BuiltIn">
<msg time="2025-09-18T15:57:14.879409" level="INFO">${index} = 1</msg>
<var>${index}</var>
<arg>__import__('random').randrange(${count_services})</arg>
<doc>Evaluates the given expression in Python and returns the result.</doc>
<status status="PASS" start="2025-09-18T15:57:14.878977" elapsed="0.000481"/>
</kw>
<kw name="Get From List" owner="Collections">
<msg time="2025-09-18T15:57:14.879998" level="INFO">${random_service} = &lt;appium.webdriver.webelement.WebElement (session="38d28c17-c0bf-4902-b3df-d8bc13421384", element="00000000-0000-00ad-0000-051500000003")&gt;</msg>
<var>${random_service}</var>
<arg>${services_list_data}</arg>
<arg>${index}</arg>
<doc>Returns the value specified with an ``index`` from ``list``.</doc>
<status status="PASS" start="2025-09-18T15:57:14.879673" elapsed="0.000390"/>
</kw>
<kw name="Get Element Attribute" owner="AppiumLibrary">
<msg time="2025-09-18T15:57:14.966935" level="INFO">Element '&lt;appium.webdriver.webelement.WebElement (session="38d28c17-c0bf-4902-b3df-d8bc13421384", element="00000000-0000-00ad-0000-051500000003")&gt;' attribute 'contentDescription' value 'Four Layer Facial
60 mins
$130.00' </msg>
<msg time="2025-09-18T15:57:14.967190" level="INFO">${desc} = Four Layer Facial
60 mins
$130.00</msg>
<var>${desc}</var>
<arg>${random_service}</arg>
<arg>contentDescription</arg>
<doc>Get element attribute using given attribute: name, value,...</doc>
<status status="PASS" start="2025-09-18T15:57:14.880284" elapsed="0.086963"/>
</kw>
<kw name="Get Service Price of selected service" owner="tab-checkout-keyword">
<kw name="Get Element Attribute" owner="AppiumLibrary">
<msg time="2025-09-18T15:57:15.013842" level="INFO">Element '&lt;appium.webdriver.webelement.WebElement (session="38d28c17-c0bf-4902-b3df-d8bc13421384", element="00000000-0000-00ad-0000-051500000003")&gt;' attribute 'contentDescription' value 'Four Layer Facial
60 mins
$130.00' </msg>
<msg time="2025-09-18T15:57:15.014354" level="INFO">${desc} = Four Layer Facial
60 mins
$130.00</msg>
<var>${desc}</var>
<arg>${element}</arg>
<arg>${attribute}</arg>
<doc>Get element attribute using given attribute: name, value,...</doc>
<status status="PASS" start="2025-09-18T15:57:14.968434" elapsed="0.045979"/>
</kw>
<kw name="Split String" owner="String">
<msg time="2025-09-18T15:57:15.015180" level="INFO">${after_dollar} = ['Four Layer Facial\n60 mins\n', '130.00']</msg>
<var>${after_dollar}</var>
<arg>${desc}</arg>
<arg>${split_char}</arg>
<arg>1</arg>
<doc>Splits the ``string`` using ``separator`` as a delimiter string.</doc>
<status status="PASS" start="2025-09-18T15:57:15.014763" elapsed="0.000468"/>
</kw>
<kw name="Strip String" owner="String">
<msg time="2025-09-18T15:57:15.015792" level="INFO">${value_after_dollar} = 130.00</msg>
<var>${value_after_dollar}</var>
<arg>${after_dollar}[1]</arg>
<doc>Remove leading and/or trailing whitespaces from the given string.</doc>
<status status="PASS" start="2025-09-18T15:57:15.015481" elapsed="0.000362"/>
</kw>
<return>
<value>${value_after_dollar}</value>
<status status="PASS" start="2025-09-18T15:57:15.015950" elapsed="0.000084"/>
</return>
<msg time="2025-09-18T15:57:15.016303" level="INFO">${service_amount} = 130.00</msg>
<var>${service_amount}</var>
<arg>${random_service}</arg>
<status status="PASS" start="2025-09-18T15:57:14.967721" elapsed="0.048632"/>
</kw>
<kw name="Append To List" owner="Collections">
<arg>${selected_services}</arg>
<arg>${service_amount}</arg>
<doc>Adds ``values`` to the end of ``list``.</doc>
<status status="PASS" start="2025-09-18T15:57:15.016571" elapsed="0.000280"/>
</kw>
<kw name="Click Element" owner="AppiumLibrary">
<msg time="2025-09-18T15:57:15.024677" level="INFO">Clicking element '&lt;appium.webdriver.webelement.WebElement (session="38d28c17-c0bf-4902-b3df-d8bc13421384", element="00000000-0000-00ad-0000-051500000003")&gt;'.</msg>
<arg>${random_service}</arg>
<doc>Click element identified by `locator`.</doc>
<status status="PASS" start="2025-09-18T15:57:15.017068" elapsed="0.130600"/>
</kw>
<kw name="Sleep" owner="BuiltIn">
<msg time="2025-09-18T15:57:15.648973" level="INFO">Slept 500 milliseconds.</msg>
<arg>0.5s</arg>
<doc>Pauses the test executed for the given time.</doc>
<status status="PASS" start="2025-09-18T15:57:15.148146" elapsed="0.501050"/>
</kw>
<kw name="Set Element to Test Message" owner="common-keywords">
<kw name="Set Test Message" owner="BuiltIn">
<msg time="2025-09-18T15:57:15.650767" level="INFO">Set test message to:
: Technician:Amy | 9989
 0 Min
 0 Min : Service:Back Cleaning
60 mins
$85.00 : Service:Four Layer Facial
60 mins
$130.00</msg>
<arg>: ${element}</arg>
<arg>append=${append}</arg>
<doc>Sets message for the current test case.</doc>
<status status="PASS" start="2025-09-18T15:57:15.650389" elapsed="0.000532"/>
</kw>
<arg>Service:${desc}</arg>
<status status="PASS" start="2025-09-18T15:57:15.649654" elapsed="0.001397"/>
</kw>
<var name="${i}">1</var>
<status status="PASS" start="2025-09-18T15:57:14.878788" elapsed="0.772332"/>
</iter>
<var>${i}</var>
<value>${n}</value>
<status status="PASS" start="2025-09-18T15:57:14.171680" elapsed="1.479534"/>
</for>
<kw name="Sum Service Amounts of selected services" owner="tab-checkout-keyword">
<kw name="Set Variable" owner="BuiltIn">
<msg time="2025-09-18T15:57:15.652472" level="INFO">${total} = 0.0</msg>
<var>${total}</var>
<arg>0.0</arg>
<doc>Returns the given values which can then be assigned to a variables.</doc>
<status status="PASS" start="2025-09-18T15:57:15.652213" elapsed="0.000309"/>
</kw>
<for flavor="IN">
<iter>
<kw name="Convert To Number" owner="BuiltIn">
<msg time="2025-09-18T15:57:15.653421" level="INFO">${amount_float} = 85.0</msg>
<var>${amount_float}</var>
<arg>${amount}</arg>
<doc>Converts the given item to a floating point number.</doc>
<status status="PASS" start="2025-09-18T15:57:15.653105" elapsed="0.000363"/>
</kw>
<kw name="Evaluate" owner="BuiltIn">
<msg time="2025-09-18T15:57:15.654100" level="INFO">${total} = 85.0</msg>
<var>${total}</var>
<arg>${total} + ${amount_float}</arg>
<doc>Evaluates the given expression in Python and returns the result.</doc>
<status status="PASS" start="2025-09-18T15:57:15.653679" elapsed="0.000468"/>
</kw>
<var name="${amount}">85.00</var>
<status status="PASS" start="2025-09-18T15:57:15.652929" elapsed="0.001290"/>
</iter>
<iter>
<kw name="Convert To Number" owner="BuiltIn">
<msg time="2025-09-18T15:57:15.654834" level="INFO">${amount_float} = 130.0</msg>
<var>${amount_float}</var>
<arg>${amount}</arg>
<doc>Converts the given item to a floating point number.</doc>
<status status="PASS" start="2025-09-18T15:57:15.654544" elapsed="0.000337"/>
</kw>
<kw name="Evaluate" owner="BuiltIn">
<msg time="2025-09-18T15:57:15.655475" level="INFO">${total} = 215.0</msg>
<var>${total}</var>
<arg>${total} + ${amount_float}</arg>
<doc>Evaluates the given expression in Python and returns the result.</doc>
<status status="PASS" start="2025-09-18T15:57:15.655109" elapsed="0.000413"/>
</kw>
<var name="${amount}">130.00</var>
<status status="PASS" start="2025-09-18T15:57:15.654377" elapsed="0.001213"/>
</iter>
<var>${amount}</var>
<value>@{amounts}</value>
<status status="PASS" start="2025-09-18T15:57:15.652649" elapsed="0.003001"/>
</for>
<return>
<value>${total}</value>
<status status="PASS" start="2025-09-18T15:57:15.655753" elapsed="0.000069"/>
</return>
<msg time="2025-09-18T15:57:15.656041" level="INFO">${subtotal} = 215.0</msg>
<var>${subtotal}</var>
<arg>@{selected_services}</arg>
<status status="PASS" start="2025-09-18T15:57:15.651626" elapsed="0.004460"/>
</kw>
<kw name="Set Element to Test Message" owner="common-keywords">
<kw name="Set Test Message" owner="BuiltIn">
<msg time="2025-09-18T15:57:15.657211" level="INFO">Set test message to:
: Technician:Amy | 9989
 0 Min
 0 Min : Service:Back Cleaning
60 mins
$85.00 : Service:Four Layer Facial
60 mins
$130.00 : Subtotal:215.0</msg>
<arg>: ${element}</arg>
<arg>append=${append}</arg>
<doc>Sets message for the current test case.</doc>
<status status="PASS" start="2025-09-18T15:57:15.656871" elapsed="0.000425"/>
</kw>
<arg>Subtotal:${subtotal}</arg>
<status status="PASS" start="2025-09-18T15:57:15.656344" elapsed="0.001064"/>
</kw>
<arg>2</arg>
<status status="PASS" start="2025-09-18T15:57:13.455583" elapsed="2.201923"/>
</kw>
<kw name="And user proceed to add exist client successfully" owner="tab-checkout-keyword">
<kw name="user press on Add Client button" owner="tab-checkout-keyword">
<kw name="Wait Until Element Is Visible" owner="AppiumLibrary">
<msg time="2025-09-18T15:57:15.980506" level="INFO">xpath criteria: (//android.view.View[@content-desc="Client"])[1]</msg>
<arg>${ADD_CLIENT_BUTTON}</arg>
<doc>Waits until element specified with `locator` is visible.</doc>
<status status="PASS" start="2025-09-18T15:57:15.659102" elapsed="0.321562"/>
</kw>
<kw name="Click Element" owner="AppiumLibrary">
<msg time="2025-09-18T15:57:15.989248" level="INFO">Clicking element 'xpath=(//android.view.View[@content-desc="Client"])[1]'.</msg>
<msg time="2025-09-18T15:57:16.298501" level="INFO">xpath criteria: (//android.view.View[@content-desc="Client"])[1]</msg>
<arg>${ADD_CLIENT_BUTTON}</arg>
<doc>Click element identified by `locator`.</doc>
<status status="PASS" start="2025-09-18T15:57:15.980997" elapsed="0.317747"/>
</kw>
<status status="PASS" start="2025-09-18T15:57:15.658687" elapsed="0.640263"/>
</kw>
<kw name="user should see the Select Client modal" owner="tab-checkout-keyword">
<kw name="Wait Until Element Is Visible" owner="AppiumLibrary">
<msg time="2025-09-18T15:57:17.235866" level="INFO">xpath criteria: //android.view.View[contains(@content-desc,"SELECT CLIENT")]</msg>
<arg>${SELECT_CLIENT_TITLE}</arg>
<doc>Waits until element specified with `locator` is visible.</doc>
<status status="PASS" start="2025-09-18T15:57:16.299886" elapsed="0.936174"/>
</kw>
<kw name="Wait Until Element Is Visible" owner="AppiumLibrary">
<msg time="2025-09-18T15:57:17.416650" level="INFO">xpath criteria: //android.view.View[normalize-space(@hint)="Phone Number"][@clickable='false']</msg>
<arg>${SEARCH_CLIENT_FIELD}</arg>
<doc>Waits until element specified with `locator` is visible.</doc>
<status status="PASS" start="2025-09-18T15:57:17.236426" elapsed="0.180445"/>
</kw>
<status status="PASS" start="2025-09-18T15:57:16.299350" elapsed="1.117692"/>
</kw>
<kw name="user proceed to input exist client's phone number" owner="tab-checkout-keyword">
<kw name="Click Element" owner="AppiumLibrary">
<msg time="2025-09-18T15:57:17.425328" level="INFO">Clicking element 'xpath=//android.view.View[normalize-space(@hint)="Phone Number"][@clickable='false']'.</msg>
<msg time="2025-09-18T15:57:17.653311" level="INFO">xpath criteria: //android.view.View[normalize-space(@hint)="Phone Number"][@clickable='false']</msg>
<arg>${SEARCH_CLIENT_FIELD}</arg>
<doc>Click element identified by `locator`.</doc>
<status status="PASS" start="2025-09-18T15:57:17.418000" elapsed="0.235564"/>
</kw>
<kw name="Input number" owner="common-keywords">
<kw name="Split String To Characters" owner="String">
<msg time="2025-09-18T15:57:17.655491" level="INFO">${digits} = ['6', '6', '6', '8', '8', '8', '2', '5', '2', '5']</msg>
<var>${digits}</var>
<arg>${number}</arg>
<doc>Splits the given ``string`` to characters.</doc>
<status status="PASS" start="2025-09-18T15:57:17.655148" elapsed="0.000404"/>
</kw>
<for flavor="IN">
<iter>
<kw name="Run Keyword If" owner="BuiltIn">
<kw name="Click Element" owner="AppiumLibrary">
<msg time="2025-09-18T15:57:17.665666" level="INFO">Clicking element 'xpath=//android.view.View[@content-desc="6"]'.</msg>
<msg time="2025-09-18T15:57:18.399735" level="INFO">xpath criteria: //android.view.View[@content-desc="6"]</msg>
<arg>${NUMERIC_KEYPAD_6}</arg>
<doc>Click element identified by `locator`.</doc>
<status status="PASS" start="2025-09-18T15:57:17.657850" elapsed="0.742179"/>
</kw>
<arg>'${digit}' == '0'</arg>
<arg>Click Element</arg>
<arg>${NUMERIC_KEYPAD_0}</arg>
<arg>ELSE IF</arg>
<arg>'${digit}' == '1'</arg>
<arg>Click Element</arg>
<arg>${NUMERIC_KEYPAD_1}</arg>
<arg>ELSE IF</arg>
<arg>'${digit}' == '2'</arg>
<arg>Click Element</arg>
<arg>${NUMERIC_KEYPAD_2}</arg>
<arg>ELSE IF</arg>
<arg>'${digit}' == '3'</arg>
<arg>Click Element</arg>
<arg>${NUMERIC_KEYPAD_3}</arg>
<arg>ELSE IF</arg>
<arg>'${digit}' == '4'</arg>
<arg>Click Element</arg>
<arg>${NUMERIC_KEYPAD_4}</arg>
<arg>ELSE IF</arg>
<arg>'${digit}' == '5'</arg>
<arg>Click Element</arg>
<arg>${NUMERIC_KEYPAD_5}</arg>
<arg>ELSE IF</arg>
<arg>'${digit}' == '6'</arg>
<arg>Click Element</arg>
<arg>${NUMERIC_KEYPAD_6}</arg>
<arg>ELSE IF</arg>
<arg>'${digit}' == '7'</arg>
<arg>Click Element</arg>
<arg>${NUMERIC_KEYPAD_7}</arg>
<arg>ELSE IF</arg>
<arg>'${digit}' == '8'</arg>
<arg>Click Element</arg>
<arg>${NUMERIC_KEYPAD_8}</arg>
<arg>ELSE IF</arg>
<arg>'${digit}' == '9'</arg>
<arg>Click Element</arg>
<arg>${NUMERIC_KEYPAD_9}</arg>
<doc>Runs the given keyword with the given arguments, if ``condition`` is true.</doc>
<status status="PASS" start="2025-09-18T15:57:17.656485" elapsed="0.743734"/>
</kw>
<var name="${digit}">6</var>
<status status="PASS" start="2025-09-18T15:57:17.656267" elapsed="0.744213"/>
</iter>
<iter>
<kw name="Run Keyword If" owner="BuiltIn">
<kw name="Click Element" owner="AppiumLibrary">
<msg time="2025-09-18T15:57:18.410025" level="INFO">Clicking element 'xpath=//android.view.View[@content-desc="6"]'.</msg>
<msg time="2025-09-18T15:57:19.119254" level="INFO">xpath criteria: //android.view.View[@content-desc="6"]</msg>
<arg>${NUMERIC_KEYPAD_6}</arg>
<doc>Click element identified by `locator`.</doc>
<status status="PASS" start="2025-09-18T15:57:18.402488" elapsed="0.716920"/>
</kw>
<arg>'${digit}' == '0'</arg>
<arg>Click Element</arg>
<arg>${NUMERIC_KEYPAD_0}</arg>
<arg>ELSE IF</arg>
<arg>'${digit}' == '1'</arg>
<arg>Click Element</arg>
<arg>${NUMERIC_KEYPAD_1}</arg>
<arg>ELSE IF</arg>
<arg>'${digit}' == '2'</arg>
<arg>Click Element</arg>
<arg>${NUMERIC_KEYPAD_2}</arg>
<arg>ELSE IF</arg>
<arg>'${digit}' == '3'</arg>
<arg>Click Element</arg>
<arg>${NUMERIC_KEYPAD_3}</arg>
<arg>ELSE IF</arg>
<arg>'${digit}' == '4'</arg>
<arg>Click Element</arg>
<arg>${NUMERIC_KEYPAD_4}</arg>
<arg>ELSE IF</arg>
<arg>'${digit}' == '5'</arg>
<arg>Click Element</arg>
<arg>${NUMERIC_KEYPAD_5}</arg>
<arg>ELSE IF</arg>
<arg>'${digit}' == '6'</arg>
<arg>Click Element</arg>
<arg>${NUMERIC_KEYPAD_6}</arg>
<arg>ELSE IF</arg>
<arg>'${digit}' == '7'</arg>
<arg>Click Element</arg>
<arg>${NUMERIC_KEYPAD_7}</arg>
<arg>ELSE IF</arg>
<arg>'${digit}' == '8'</arg>
<arg>Click Element</arg>
<arg>${NUMERIC_KEYPAD_8}</arg>
<arg>ELSE IF</arg>
<arg>'${digit}' == '9'</arg>
<arg>Click Element</arg>
<arg>${NUMERIC_KEYPAD_9}</arg>
<doc>Runs the given keyword with the given arguments, if ``condition`` is true.</doc>
<status status="PASS" start="2025-09-18T15:57:18.401066" elapsed="0.718491"/>
</kw>
<var name="${digit}">6</var>
<status status="PASS" start="2025-09-18T15:57:18.400766" elapsed="0.719066"/>
</iter>
<iter>
<kw name="Run Keyword If" owner="BuiltIn">
<kw name="Click Element" owner="AppiumLibrary">
<msg time="2025-09-18T15:57:19.130465" level="INFO">Clicking element 'xpath=//android.view.View[@content-desc="6"]'.</msg>
<msg time="2025-09-18T15:57:20.340038" level="INFO">xpath criteria: //android.view.View[@content-desc="6"]</msg>
<arg>${NUMERIC_KEYPAD_6}</arg>
<doc>Click element identified by `locator`.</doc>
<status status="PASS" start="2025-09-18T15:57:19.122249" elapsed="1.217942"/>
</kw>
<arg>'${digit}' == '0'</arg>
<arg>Click Element</arg>
<arg>${NUMERIC_KEYPAD_0}</arg>
<arg>ELSE IF</arg>
<arg>'${digit}' == '1'</arg>
<arg>Click Element</arg>
<arg>${NUMERIC_KEYPAD_1}</arg>
<arg>ELSE IF</arg>
<arg>'${digit}' == '2'</arg>
<arg>Click Element</arg>
<arg>${NUMERIC_KEYPAD_2}</arg>
<arg>ELSE IF</arg>
<arg>'${digit}' == '3'</arg>
<arg>Click Element</arg>
<arg>${NUMERIC_KEYPAD_3}</arg>
<arg>ELSE IF</arg>
<arg>'${digit}' == '4'</arg>
<arg>Click Element</arg>
<arg>${NUMERIC_KEYPAD_4}</arg>
<arg>ELSE IF</arg>
<arg>'${digit}' == '5'</arg>
<arg>Click Element</arg>
<arg>${NUMERIC_KEYPAD_5}</arg>
<arg>ELSE IF</arg>
<arg>'${digit}' == '6'</arg>
<arg>Click Element</arg>
<arg>${NUMERIC_KEYPAD_6}</arg>
<arg>ELSE IF</arg>
<arg>'${digit}' == '7'</arg>
<arg>Click Element</arg>
<arg>${NUMERIC_KEYPAD_7}</arg>
<arg>ELSE IF</arg>
<arg>'${digit}' == '8'</arg>
<arg>Click Element</arg>
<arg>${NUMERIC_KEYPAD_8}</arg>
<arg>ELSE IF</arg>
<arg>'${digit}' == '9'</arg>
<arg>Click Element</arg>
<arg>${NUMERIC_KEYPAD_9}</arg>
<doc>Runs the given keyword with the given arguments, if ``condition`` is true.</doc>
<status status="PASS" start="2025-09-18T15:57:19.120479" elapsed="1.219868"/>
</kw>
<var name="${digit}">6</var>
<status status="PASS" start="2025-09-18T15:57:19.120191" elapsed="1.220478"/>
</iter>
<iter>
<kw name="Run Keyword If" owner="BuiltIn">
<kw name="Click Element" owner="AppiumLibrary">
<msg time="2025-09-18T15:57:20.351021" level="INFO">Clicking element 'xpath=//android.view.View[@content-desc="8"]'.</msg>
<msg time="2025-09-18T15:57:21.224648" level="INFO">xpath criteria: //android.view.View[@content-desc="8"]</msg>
<arg>${NUMERIC_KEYPAD_8}</arg>
<doc>Click element identified by `locator`.</doc>
<status status="PASS" start="2025-09-18T15:57:20.342983" elapsed="0.881822"/>
</kw>
<arg>'${digit}' == '0'</arg>
<arg>Click Element</arg>
<arg>${NUMERIC_KEYPAD_0}</arg>
<arg>ELSE IF</arg>
<arg>'${digit}' == '1'</arg>
<arg>Click Element</arg>
<arg>${NUMERIC_KEYPAD_1}</arg>
<arg>ELSE IF</arg>
<arg>'${digit}' == '2'</arg>
<arg>Click Element</arg>
<arg>${NUMERIC_KEYPAD_2}</arg>
<arg>ELSE IF</arg>
<arg>'${digit}' == '3'</arg>
<arg>Click Element</arg>
<arg>${NUMERIC_KEYPAD_3}</arg>
<arg>ELSE IF</arg>
<arg>'${digit}' == '4'</arg>
<arg>Click Element</arg>
<arg>${NUMERIC_KEYPAD_4}</arg>
<arg>ELSE IF</arg>
<arg>'${digit}' == '5'</arg>
<arg>Click Element</arg>
<arg>${NUMERIC_KEYPAD_5}</arg>
<arg>ELSE IF</arg>
<arg>'${digit}' == '6'</arg>
<arg>Click Element</arg>
<arg>${NUMERIC_KEYPAD_6}</arg>
<arg>ELSE IF</arg>
<arg>'${digit}' == '7'</arg>
<arg>Click Element</arg>
<arg>${NUMERIC_KEYPAD_7}</arg>
<arg>ELSE IF</arg>
<arg>'${digit}' == '8'</arg>
<arg>Click Element</arg>
<arg>${NUMERIC_KEYPAD_8}</arg>
<arg>ELSE IF</arg>
<arg>'${digit}' == '9'</arg>
<arg>Click Element</arg>
<arg>${NUMERIC_KEYPAD_9}</arg>
<doc>Runs the given keyword with the given arguments, if ``condition`` is true.</doc>
<status status="PASS" start="2025-09-18T15:57:20.341434" elapsed="0.883540"/>
</kw>
<var name="${digit}">8</var>
<status status="PASS" start="2025-09-18T15:57:20.340992" elapsed="0.884576"/>
</iter>
<iter>
<kw name="Run Keyword If" owner="BuiltIn">
<kw name="Click Element" owner="AppiumLibrary">
<msg time="2025-09-18T15:57:21.235537" level="INFO">Clicking element 'xpath=//android.view.View[@content-desc="8"]'.</msg>
<msg time="2025-09-18T15:57:21.987642" level="INFO">xpath criteria: //android.view.View[@content-desc="8"]</msg>
<arg>${NUMERIC_KEYPAD_8}</arg>
<doc>Click element identified by `locator`.</doc>
<status status="PASS" start="2025-09-18T15:57:21.227974" elapsed="0.759923"/>
</kw>
<arg>'${digit}' == '0'</arg>
<arg>Click Element</arg>
<arg>${NUMERIC_KEYPAD_0}</arg>
<arg>ELSE IF</arg>
<arg>'${digit}' == '1'</arg>
<arg>Click Element</arg>
<arg>${NUMERIC_KEYPAD_1}</arg>
<arg>ELSE IF</arg>
<arg>'${digit}' == '2'</arg>
<arg>Click Element</arg>
<arg>${NUMERIC_KEYPAD_2}</arg>
<arg>ELSE IF</arg>
<arg>'${digit}' == '3'</arg>
<arg>Click Element</arg>
<arg>${NUMERIC_KEYPAD_3}</arg>
<arg>ELSE IF</arg>
<arg>'${digit}' == '4'</arg>
<arg>Click Element</arg>
<arg>${NUMERIC_KEYPAD_4}</arg>
<arg>ELSE IF</arg>
<arg>'${digit}' == '5'</arg>
<arg>Click Element</arg>
<arg>${NUMERIC_KEYPAD_5}</arg>
<arg>ELSE IF</arg>
<arg>'${digit}' == '6'</arg>
<arg>Click Element</arg>
<arg>${NUMERIC_KEYPAD_6}</arg>
<arg>ELSE IF</arg>
<arg>'${digit}' == '7'</arg>
<arg>Click Element</arg>
<arg>${NUMERIC_KEYPAD_7}</arg>
<arg>ELSE IF</arg>
<arg>'${digit}' == '8'</arg>
<arg>Click Element</arg>
<arg>${NUMERIC_KEYPAD_8}</arg>
<arg>ELSE IF</arg>
<arg>'${digit}' == '9'</arg>
<arg>Click Element</arg>
<arg>${NUMERIC_KEYPAD_9}</arg>
<doc>Runs the given keyword with the given arguments, if ``condition`` is true.</doc>
<status status="PASS" start="2025-09-18T15:57:21.226191" elapsed="0.762011"/>
</kw>
<var name="${digit}">8</var>
<status status="PASS" start="2025-09-18T15:57:21.225902" elapsed="0.762658"/>
</iter>
<iter>
<kw name="Run Keyword If" owner="BuiltIn">
<kw name="Click Element" owner="AppiumLibrary">
<msg time="2025-09-18T15:57:21.999035" level="INFO">Clicking element 'xpath=//android.view.View[@content-desc="8"]'.</msg>
<msg time="2025-09-18T15:57:22.752063" level="INFO">xpath criteria: //android.view.View[@content-desc="8"]</msg>
<arg>${NUMERIC_KEYPAD_8}</arg>
<doc>Click element identified by `locator`.</doc>
<status status="PASS" start="2025-09-18T15:57:21.990835" elapsed="0.761383"/>
</kw>
<arg>'${digit}' == '0'</arg>
<arg>Click Element</arg>
<arg>${NUMERIC_KEYPAD_0}</arg>
<arg>ELSE IF</arg>
<arg>'${digit}' == '1'</arg>
<arg>Click Element</arg>
<arg>${NUMERIC_KEYPAD_1}</arg>
<arg>ELSE IF</arg>
<arg>'${digit}' == '2'</arg>
<arg>Click Element</arg>
<arg>${NUMERIC_KEYPAD_2}</arg>
<arg>ELSE IF</arg>
<arg>'${digit}' == '3'</arg>
<arg>Click Element</arg>
<arg>${NUMERIC_KEYPAD_3}</arg>
<arg>ELSE IF</arg>
<arg>'${digit}' == '4'</arg>
<arg>Click Element</arg>
<arg>${NUMERIC_KEYPAD_4}</arg>
<arg>ELSE IF</arg>
<arg>'${digit}' == '5'</arg>
<arg>Click Element</arg>
<arg>${NUMERIC_KEYPAD_5}</arg>
<arg>ELSE IF</arg>
<arg>'${digit}' == '6'</arg>
<arg>Click Element</arg>
<arg>${NUMERIC_KEYPAD_6}</arg>
<arg>ELSE IF</arg>
<arg>'${digit}' == '7'</arg>
<arg>Click Element</arg>
<arg>${NUMERIC_KEYPAD_7}</arg>
<arg>ELSE IF</arg>
<arg>'${digit}' == '8'</arg>
<arg>Click Element</arg>
<arg>${NUMERIC_KEYPAD_8}</arg>
<arg>ELSE IF</arg>
<arg>'${digit}' == '9'</arg>
<arg>Click Element</arg>
<arg>${NUMERIC_KEYPAD_9}</arg>
<doc>Runs the given keyword with the given arguments, if ``condition`` is true.</doc>
<status status="PASS" start="2025-09-18T15:57:21.989190" elapsed="0.763185"/>
</kw>
<var name="${digit}">8</var>
<status status="PASS" start="2025-09-18T15:57:21.988832" elapsed="0.763862"/>
</iter>
<iter>
<kw name="Run Keyword If" owner="BuiltIn">
<kw name="Click Element" owner="AppiumLibrary">
<msg time="2025-09-18T15:57:22.763871" level="INFO">Clicking element 'xpath=//android.view.View[@content-desc="2"]'.</msg>
<msg time="2025-09-18T15:57:23.467536" level="INFO">xpath criteria: //android.view.View[@content-desc="2"]</msg>
<arg>${NUMERIC_KEYPAD_2}</arg>
<doc>Click element identified by `locator`.</doc>
<status status="PASS" start="2025-09-18T15:57:22.754471" elapsed="0.713225"/>
</kw>
<arg>'${digit}' == '0'</arg>
<arg>Click Element</arg>
<arg>${NUMERIC_KEYPAD_0}</arg>
<arg>ELSE IF</arg>
<arg>'${digit}' == '1'</arg>
<arg>Click Element</arg>
<arg>${NUMERIC_KEYPAD_1}</arg>
<arg>ELSE IF</arg>
<arg>'${digit}' == '2'</arg>
<arg>Click Element</arg>
<arg>${NUMERIC_KEYPAD_2}</arg>
<arg>ELSE IF</arg>
<arg>'${digit}' == '3'</arg>
<arg>Click Element</arg>
<arg>${NUMERIC_KEYPAD_3}</arg>
<arg>ELSE IF</arg>
<arg>'${digit}' == '4'</arg>
<arg>Click Element</arg>
<arg>${NUMERIC_KEYPAD_4}</arg>
<arg>ELSE IF</arg>
<arg>'${digit}' == '5'</arg>
<arg>Click Element</arg>
<arg>${NUMERIC_KEYPAD_5}</arg>
<arg>ELSE IF</arg>
<arg>'${digit}' == '6'</arg>
<arg>Click Element</arg>
<arg>${NUMERIC_KEYPAD_6}</arg>
<arg>ELSE IF</arg>
<arg>'${digit}' == '7'</arg>
<arg>Click Element</arg>
<arg>${NUMERIC_KEYPAD_7}</arg>
<arg>ELSE IF</arg>
<arg>'${digit}' == '8'</arg>
<arg>Click Element</arg>
<arg>${NUMERIC_KEYPAD_8}</arg>
<arg>ELSE IF</arg>
<arg>'${digit}' == '9'</arg>
<arg>Click Element</arg>
<arg>${NUMERIC_KEYPAD_9}</arg>
<doc>Runs the given keyword with the given arguments, if ``condition`` is true.</doc>
<status status="PASS" start="2025-09-18T15:57:22.753534" elapsed="0.714353"/>
</kw>
<var name="${digit}">2</var>
<status status="PASS" start="2025-09-18T15:57:22.753078" elapsed="0.715364"/>
</iter>
<iter>
<kw name="Run Keyword If" owner="BuiltIn">
<kw name="Click Element" owner="AppiumLibrary">
<msg time="2025-09-18T15:57:23.480162" level="INFO">Clicking element 'xpath=//android.view.View[@content-desc="5"]'.</msg>
<msg time="2025-09-18T15:57:24.197907" level="INFO">xpath criteria: //android.view.View[@content-desc="5"]</msg>
<arg>${NUMERIC_KEYPAD_5}</arg>
<doc>Click element identified by `locator`.</doc>
<status status="PASS" start="2025-09-18T15:57:23.471581" elapsed="0.726636"/>
</kw>
<arg>'${digit}' == '0'</arg>
<arg>Click Element</arg>
<arg>${NUMERIC_KEYPAD_0}</arg>
<arg>ELSE IF</arg>
<arg>'${digit}' == '1'</arg>
<arg>Click Element</arg>
<arg>${NUMERIC_KEYPAD_1}</arg>
<arg>ELSE IF</arg>
<arg>'${digit}' == '2'</arg>
<arg>Click Element</arg>
<arg>${NUMERIC_KEYPAD_2}</arg>
<arg>ELSE IF</arg>
<arg>'${digit}' == '3'</arg>
<arg>Click Element</arg>
<arg>${NUMERIC_KEYPAD_3}</arg>
<arg>ELSE IF</arg>
<arg>'${digit}' == '4'</arg>
<arg>Click Element</arg>
<arg>${NUMERIC_KEYPAD_4}</arg>
<arg>ELSE IF</arg>
<arg>'${digit}' == '5'</arg>
<arg>Click Element</arg>
<arg>${NUMERIC_KEYPAD_5}</arg>
<arg>ELSE IF</arg>
<arg>'${digit}' == '6'</arg>
<arg>Click Element</arg>
<arg>${NUMERIC_KEYPAD_6}</arg>
<arg>ELSE IF</arg>
<arg>'${digit}' == '7'</arg>
<arg>Click Element</arg>
<arg>${NUMERIC_KEYPAD_7}</arg>
<arg>ELSE IF</arg>
<arg>'${digit}' == '8'</arg>
<arg>Click Element</arg>
<arg>${NUMERIC_KEYPAD_8}</arg>
<arg>ELSE IF</arg>
<arg>'${digit}' == '9'</arg>
<arg>Click Element</arg>
<arg>${NUMERIC_KEYPAD_9}</arg>
<doc>Runs the given keyword with the given arguments, if ``condition`` is true.</doc>
<status status="PASS" start="2025-09-18T15:57:23.469242" elapsed="0.729251"/>
</kw>
<var name="${digit}">5</var>
<status status="PASS" start="2025-09-18T15:57:23.468903" elapsed="0.729932"/>
</iter>
<iter>
<kw name="Run Keyword If" owner="BuiltIn">
<kw name="Click Element" owner="AppiumLibrary">
<msg time="2025-09-18T15:57:24.208748" level="INFO">Clicking element 'xpath=//android.view.View[@content-desc="2"]'.</msg>
<msg time="2025-09-18T15:57:24.916822" level="INFO">xpath criteria: //android.view.View[@content-desc="2"]</msg>
<arg>${NUMERIC_KEYPAD_2}</arg>
<doc>Click element identified by `locator`.</doc>
<status status="PASS" start="2025-09-18T15:57:24.200495" elapsed="0.716482"/>
</kw>
<arg>'${digit}' == '0'</arg>
<arg>Click Element</arg>
<arg>${NUMERIC_KEYPAD_0}</arg>
<arg>ELSE IF</arg>
<arg>'${digit}' == '1'</arg>
<arg>Click Element</arg>
<arg>${NUMERIC_KEYPAD_1}</arg>
<arg>ELSE IF</arg>
<arg>'${digit}' == '2'</arg>
<arg>Click Element</arg>
<arg>${NUMERIC_KEYPAD_2}</arg>
<arg>ELSE IF</arg>
<arg>'${digit}' == '3'</arg>
<arg>Click Element</arg>
<arg>${NUMERIC_KEYPAD_3}</arg>
<arg>ELSE IF</arg>
<arg>'${digit}' == '4'</arg>
<arg>Click Element</arg>
<arg>${NUMERIC_KEYPAD_4}</arg>
<arg>ELSE IF</arg>
<arg>'${digit}' == '5'</arg>
<arg>Click Element</arg>
<arg>${NUMERIC_KEYPAD_5}</arg>
<arg>ELSE IF</arg>
<arg>'${digit}' == '6'</arg>
<arg>Click Element</arg>
<arg>${NUMERIC_KEYPAD_6}</arg>
<arg>ELSE IF</arg>
<arg>'${digit}' == '7'</arg>
<arg>Click Element</arg>
<arg>${NUMERIC_KEYPAD_7}</arg>
<arg>ELSE IF</arg>
<arg>'${digit}' == '8'</arg>
<arg>Click Element</arg>
<arg>${NUMERIC_KEYPAD_8}</arg>
<arg>ELSE IF</arg>
<arg>'${digit}' == '9'</arg>
<arg>Click Element</arg>
<arg>${NUMERIC_KEYPAD_9}</arg>
<doc>Runs the given keyword with the given arguments, if ``condition`` is true.</doc>
<status status="PASS" start="2025-09-18T15:57:24.199488" elapsed="0.717690"/>
</kw>
<var name="${digit}">2</var>
<status status="PASS" start="2025-09-18T15:57:24.199202" elapsed="0.718411"/>
</iter>
<iter>
<kw name="Run Keyword If" owner="BuiltIn">
<kw name="Click Element" owner="AppiumLibrary">
<msg time="2025-09-18T15:57:24.927818" level="INFO">Clicking element 'xpath=//android.view.View[@content-desc="5"]'.</msg>
<msg time="2025-09-18T15:57:25.639151" level="INFO">xpath criteria: //android.view.View[@content-desc="5"]</msg>
<arg>${NUMERIC_KEYPAD_5}</arg>
<doc>Click element identified by `locator`.</doc>
<status status="PASS" start="2025-09-18T15:57:24.919768" elapsed="0.719579"/>
</kw>
<arg>'${digit}' == '0'</arg>
<arg>Click Element</arg>
<arg>${NUMERIC_KEYPAD_0}</arg>
<arg>ELSE IF</arg>
<arg>'${digit}' == '1'</arg>
<arg>Click Element</arg>
<arg>${NUMERIC_KEYPAD_1}</arg>
<arg>ELSE IF</arg>
<arg>'${digit}' == '2'</arg>
<arg>Click Element</arg>
<arg>${NUMERIC_KEYPAD_2}</arg>
<arg>ELSE IF</arg>
<arg>'${digit}' == '3'</arg>
<arg>Click Element</arg>
<arg>${NUMERIC_KEYPAD_3}</arg>
<arg>ELSE IF</arg>
<arg>'${digit}' == '4'</arg>
<arg>Click Element</arg>
<arg>${NUMERIC_KEYPAD_4}</arg>
<arg>ELSE IF</arg>
<arg>'${digit}' == '5'</arg>
<arg>Click Element</arg>
<arg>${NUMERIC_KEYPAD_5}</arg>
<arg>ELSE IF</arg>
<arg>'${digit}' == '6'</arg>
<arg>Click Element</arg>
<arg>${NUMERIC_KEYPAD_6}</arg>
<arg>ELSE IF</arg>
<arg>'${digit}' == '7'</arg>
<arg>Click Element</arg>
<arg>${NUMERIC_KEYPAD_7}</arg>
<arg>ELSE IF</arg>
<arg>'${digit}' == '8'</arg>
<arg>Click Element</arg>
<arg>${NUMERIC_KEYPAD_8}</arg>
<arg>ELSE IF</arg>
<arg>'${digit}' == '9'</arg>
<arg>Click Element</arg>
<arg>${NUMERIC_KEYPAD_9}</arg>
<doc>Runs the given keyword with the given arguments, if ``condition`` is true.</doc>
<status status="PASS" start="2025-09-18T15:57:24.918342" elapsed="0.721203"/>
</kw>
<var name="${digit}">5</var>
<status status="PASS" start="2025-09-18T15:57:24.917944" elapsed="0.722012"/>
</iter>
<var>${digit}</var>
<value>@{digits}</value>
<status status="PASS" start="2025-09-18T15:57:17.656005" elapsed="7.984074"/>
</for>
<arg>${EXIST_CLIENT_PHONE_NUMBER}</arg>
<status status="PASS" start="2025-09-18T15:57:17.654417" elapsed="7.985918"/>
</kw>
<kw name="Click Element" owner="AppiumLibrary">
<msg time="2025-09-18T15:57:25.648213" level="INFO">Clicking element 'xpath=//android.view.View[@content-desc="Done"]'.</msg>
<msg time="2025-09-18T15:57:25.877579" level="INFO">xpath criteria: //android.view.View[@content-desc="Done"]</msg>
<arg>${NUMERIC_KEYPAD_DONE}</arg>
<doc>Click element identified by `locator`.</doc>
<status status="PASS" start="2025-09-18T15:57:25.640787" elapsed="0.236998"/>
</kw>
<status status="PASS" start="2025-09-18T15:57:17.417448" elapsed="8.460527"/>
</kw>
<kw name="user should see the Search Result of correct Client" owner="tab-checkout-keyword">
<kw name="Wait Until Element Is Visible" owner="AppiumLibrary">
<msg time="2025-09-18T15:57:27.512281" level="INFO">xpath criteria: //android.view.View[@content-desc="Search Result"]
xpath criteria: //android.view.View[@content-desc="Search Result"]</msg>
<arg>${SEARCH_RESULT_TITLE}</arg>
<arg>10s</arg>
<doc>Waits until element specified with `locator` is visible.</doc>
<status status="PASS" start="2025-09-18T15:57:25.879017" elapsed="1.633421"/>
</kw>
<kw name="Wait Until Element Is Visible" owner="AppiumLibrary">
<msg time="2025-09-18T15:57:27.727612" level="INFO">xpath criteria: //android.view.View[@content-desc="Submit"]</msg>
<arg>${SUBMIT_BUTTON_TO_ADD_CLIENT}</arg>
<doc>Waits until element specified with `locator` is visible.</doc>
<status status="PASS" start="2025-09-18T15:57:27.512791" elapsed="0.215005"/>
</kw>
<status status="PASS" start="2025-09-18T15:57:25.878451" elapsed="1.849546"/>
</kw>
<kw name="user press on Submit button to add client" owner="tab-checkout-keyword">
<kw name="Click Element" owner="AppiumLibrary">
<msg time="2025-09-18T15:57:27.736587" level="INFO">Clicking element 'xpath=//android.view.View[@content-desc="Submit"]'.</msg>
<msg time="2025-09-18T15:57:28.751519" level="INFO">xpath criteria: //android.view.View[@content-desc="Submit"]</msg>
<arg>${SUBMIT_BUTTON_TO_ADD_CLIENT}</arg>
<doc>Click element identified by `locator`.</doc>
<status status="PASS" start="2025-09-18T15:57:27.728982" elapsed="1.022763"/>
</kw>
<kw name="Wait Until Element Is Visible" owner="AppiumLibrary">
<msg time="2025-09-18T15:57:28.995247" level="INFO">xpath criteria: //android.view.View[@content-desc="Remove"]</msg>
<arg>${REMOVE_CLIENT_BUTTON}</arg>
<doc>Waits until element specified with `locator` is visible.</doc>
<status status="PASS" start="2025-09-18T15:57:28.752237" elapsed="0.243195"/>
</kw>
<status status="PASS" start="2025-09-18T15:57:27.728404" elapsed="1.267203"/>
</kw>
<status status="PASS" start="2025-09-18T15:57:15.658150" elapsed="13.337565"/>
</kw>
<kw name="Then user tap on Payment button" owner="tab-checkout-keyword">
<kw name="Wait Until Element Is Visible" owner="AppiumLibrary">
<msg time="2025-09-18T15:57:29.223760" level="INFO">xpath criteria: //android.view.View[@content-desc="Payment"][@enabled='true']</msg>
<arg>${PAYMENT_BUTTON}</arg>
<doc>Waits until element specified with `locator` is visible.</doc>
<status status="PASS" start="2025-09-18T15:57:28.997562" elapsed="0.226352"/>
</kw>
<kw name="Click Element" owner="AppiumLibrary">
<msg time="2025-09-18T15:57:29.231781" level="INFO">Clicking element 'xpath=//android.view.View[@content-desc="Payment"][@enabled='true']'.</msg>
<msg time="2025-09-18T15:57:29.524027" level="INFO">xpath criteria: //android.view.View[@content-desc="Payment"][@enabled='true']</msg>
<arg>${PAYMENT_BUTTON}</arg>
<doc>Click element identified by `locator`.</doc>
<status status="PASS" start="2025-09-18T15:57:29.224253" elapsed="0.299937"/>
</kw>
<kw name="Sleep" owner="BuiltIn">
<msg time="2025-09-18T15:57:32.526008" level="INFO">Slept 3 seconds.</msg>
<arg>3s</arg>
<doc>Pauses the test executed for the given time.</doc>
<status status="PASS" start="2025-09-18T15:57:29.524580" elapsed="3.001651"/>
</kw>
<status status="PASS" start="2025-09-18T15:57:28.996803" elapsed="3.529619"/>
</kw>
<kw name="Sleep" owner="BuiltIn">
<msg time="2025-09-18T15:57:37.528688" level="INFO">Slept 5 seconds.</msg>
<arg>5s</arg>
<doc>Pauses the test executed for the given time.</doc>
<status status="PASS" start="2025-09-18T15:57:32.527151" elapsed="5.001753"/>
</kw>
<kw name="And the system displays the Checkout Payment screen" owner="tab-checkout-keyword">
<kw name="Wait Until Element Is Visible" owner="AppiumLibrary">
<msg time="2025-09-18T15:57:38.144840" level="INFO">xpath criteria: //android.view.View[normalize-space(@content-desc)="MAIN MENU &gt; Checkout"]</msg>
<arg>${PAYMENT_CHECKOUT_TITLE}</arg>
<doc>Waits until element specified with `locator` is visible.</doc>
<status status="PASS" start="2025-09-18T15:57:37.530477" elapsed="0.614566"/>
</kw>
<status status="PASS" start="2025-09-18T15:57:37.529845" elapsed="0.615418"/>
</kw>
<kw name="Then user select CASH method" owner="tab-checkout-keyword">
<kw name="Wait Until Element Is Visible" owner="AppiumLibrary">
<msg time="2025-09-18T15:57:38.355701" level="INFO">xpath criteria: //android.view.View[@content-desc="Cash"]</msg>
<arg>${CASH}</arg>
<doc>Waits until element specified with `locator` is visible.</doc>
<status status="PASS" start="2025-09-18T15:57:38.147198" elapsed="0.208724"/>
</kw>
<kw name="Click Element" owner="AppiumLibrary">
<msg time="2025-09-18T15:57:38.365222" level="INFO">Clicking element 'xpath=//android.view.View[@content-desc="Cash"]'.</msg>
<msg time="2025-09-18T15:57:39.389385" level="INFO">xpath criteria: //android.view.View[@content-desc="Cash"]</msg>
<arg>${CASH}</arg>
<doc>Click element identified by `locator`.</doc>
<status status="PASS" start="2025-09-18T15:57:38.356312" elapsed="1.033239"/>
</kw>
<status status="PASS" start="2025-09-18T15:57:38.146372" elapsed="1.243460"/>
</kw>
<kw name="And the system displays the Payment by Cash screen" owner="tab-checkout-keyword">
<kw name="Wait Until Element Is Visible" owner="AppiumLibrary">
<msg time="2025-09-18T15:57:39.560849" level="INFO">xpath criteria: //android.view.View[normalize-space(@content-desc)="Back Payment by Cash"]</msg>
<arg>${PAYMENT_BY_CASH_TITLE}</arg>
<doc>Waits until element specified with `locator` is visible.</doc>
<status status="PASS" start="2025-09-18T15:57:39.393067" elapsed="0.168019"/>
</kw>
<status status="PASS" start="2025-09-18T15:57:39.391682" elapsed="0.169624"/>
</kw>
<kw name="And user tap on Begin Charge button in Payment by Cash screen" owner="tab-checkout-keyword">
<kw name="Wait Until Element Is Visible" owner="AppiumLibrary">
<msg time="2025-09-18T15:57:39.715398" level="INFO">xpath criteria: //android.view.View[normalize-space(@content-desc)="Begin Charge"]</msg>
<arg>${CASH_BEGIN_CHARGE_BUTTON}</arg>
<doc>Waits until element specified with `locator` is visible.</doc>
<status status="PASS" start="2025-09-18T15:57:39.563378" elapsed="0.152193"/>
</kw>
<kw name="Click Element" owner="AppiumLibrary">
<msg time="2025-09-18T15:57:39.723150" level="INFO">Clicking element 'xpath=//android.view.View[normalize-space(@content-desc)="Begin Charge"]'.</msg>
<msg time="2025-09-18T15:57:40.045492" level="INFO">xpath criteria: //android.view.View[normalize-space(@content-desc)="Begin Charge"]</msg>
<arg>${CASH_BEGIN_CHARGE_BUTTON}</arg>
<doc>Click element identified by `locator`.</doc>
<status status="PASS" start="2025-09-18T15:57:39.715898" elapsed="0.329750"/>
</kw>
<kw name="Sleep" owner="BuiltIn">
<msg time="2025-09-18T15:57:45.046828" level="INFO">Slept 5 seconds.</msg>
<arg>5s</arg>
<doc>Pauses the test executed for the given time.</doc>
<status status="PASS" start="2025-09-18T15:57:40.045978" elapsed="5.001072"/>
</kw>
<status status="PASS" start="2025-09-18T15:57:39.562559" elapsed="5.484678"/>
</kw>
<kw name="Then the system displays Payment successfully message" owner="tab-checkout-keyword">
<kw name="Wait Until Element Is Visible" owner="AppiumLibrary">
<msg time="2025-09-18T15:57:45.299552" level="INFO">xpath criteria: //android.view.View[normalize-space(@content-desc)="Proceed payment successfully"]</msg>
<arg>${PAYMENT_SUCCESS_MESSAGE}</arg>
<doc>Waits until element specified with `locator` is visible.</doc>
<status status="PASS" start="2025-09-18T15:57:45.048514" elapsed="0.251195"/>
</kw>
<status status="PASS" start="2025-09-18T15:57:45.047894" elapsed="0.251981"/>
</kw>
<kw name="Then the system navigate user to Payment Confirmed screen" owner="tab-checkout-keyword">
<kw name="Wait Until Element Is Visible" owner="AppiumLibrary">
<msg time="2025-09-18T15:57:45.488568" level="INFO">xpath criteria: //android.view.View[normalize-space(@content-desc)="Your payment is confirmed!"]</msg>
<arg>${PAYMENT_IS_CONFIRMED}</arg>
<doc>Waits until element specified with `locator` is visible.</doc>
<status status="PASS" start="2025-09-18T15:57:45.301062" elapsed="0.187693"/>
</kw>
<status status="PASS" start="2025-09-18T15:57:45.300507" elapsed="0.188421"/>
</kw>
<kw name="When user tap on No Receipt button" owner="tab-checkout-keyword">
<kw name="Wait Until Element Is Visible" owner="AppiumLibrary">
<msg time="2025-09-18T15:57:45.714634" level="INFO">xpath criteria: //android.view.View[normalize-space(@content-desc)="No receipt"]</msg>
<arg>${NO_RECEIPT_BUTTON}</arg>
<doc>Waits until element specified with `locator` is visible.</doc>
<status status="PASS" start="2025-09-18T15:57:45.490935" elapsed="0.223893"/>
</kw>
<kw name="Click Element" owner="AppiumLibrary">
<msg time="2025-09-18T15:57:45.723667" level="INFO">Clicking element 'xpath=//android.view.View[normalize-space(@content-desc)="No receipt"]'.</msg>
<msg time="2025-09-18T15:57:46.923561" level="INFO">xpath criteria: //android.view.View[normalize-space(@content-desc)="No receipt"]</msg>
<arg>${NO_RECEIPT_BUTTON}</arg>
<doc>Click element identified by `locator`.</doc>
<status status="PASS" start="2025-09-18T15:57:45.715169" elapsed="1.208735"/>
</kw>
<kw name="Sleep" owner="BuiltIn">
<msg time="2025-09-18T15:57:51.925473" level="INFO">Slept 5 seconds.</msg>
<arg>5s</arg>
<doc>Pauses the test executed for the given time.</doc>
<status status="PASS" start="2025-09-18T15:57:46.924279" elapsed="5.001417"/>
</kw>
<status status="PASS" start="2025-09-18T15:57:45.489972" elapsed="6.435904"/>
</kw>
<kw name="Then the system navigate user back to Checkout Tab" owner="tab-checkout-keyword">
<kw name="Wait Until Element Is Visible" owner="AppiumLibrary">
<msg time="2025-09-18T15:57:52.097778" level="INFO">xpath criteria: //android.view.View[normalize-space(@content-desc)="Change position"]</msg>
<arg>${CHANGE_POSITION_TEXT}</arg>
<doc>Waits until element specified with `locator` is visible.</doc>
<status status="PASS" start="2025-09-18T15:57:51.927321" elapsed="0.170655"/>
</kw>
<status status="PASS" start="2025-09-18T15:57:51.926757" elapsed="0.171417"/>
</kw>
<tag>Positive</tag>
<tag>UI</tag>
<status status="PASS" start="2025-09-18T15:57:11.920033" elapsed="40.178904">: Technician:Amy | 9989
 0 Min
 0 Min : Service:Back Cleaning
60 mins
$85.00 : Service:Four Layer Facial
60 mins
$130.00 : Subtotal:215.0</status>
</test>
<test id="s1-t2" name="Verify the user checkout with PAID EXTERNALLY method successfully" line="25">
<kw name="Given the user is on Checkout tab" owner="tab-checkout-keyword">
<kw name="Wait Until Element Is Visible" owner="AppiumLibrary">
<msg time="2025-09-18T15:57:52.261446" level="INFO">xpath criteria: //android.view.View[normalize-space(@content-desc)="Change position"]</msg>
<arg>${CHANGE_POSITION_TEXT}</arg>
<doc>Waits until element specified with `locator` is visible.</doc>
<status status="PASS" start="2025-09-18T15:57:52.102539" elapsed="0.159067"/>
</kw>
<status status="PASS" start="2025-09-18T15:57:52.102038" elapsed="0.159733"/>
</kw>
<kw name="When user select Technician" owner="tab-checkout-keyword">
<kw name="Get Webelements" owner="AppiumLibrary">
<msg time="2025-09-18T15:57:52.382275" level="INFO">xpath criteria: //android.view.View[contains(@content-desc," Min")]</msg>
<msg time="2025-09-18T15:57:52.382566" level="INFO">${technician_list_data} = [&lt;appium.webdriver.webelement.WebElement (session="38d28c17-c0bf-4902-b3df-d8bc13421384", element="00000000-0000-00ad-0000-04eb00000003")&gt;, &lt;appium.webdriver.webelement.WebElement (session="38d28c17-c...</msg>
<var>${technician_list_data}</var>
<arg>${TECHNICIAN_CARD}</arg>
<doc>Returns list of [http://selenium-python.readthedocs.io/api.html#module-selenium.webdriver.remote.webelement|WebElement] objects matching ``locator``.</doc>
<status status="PASS" start="2025-09-18T15:57:52.263820" elapsed="0.118808"/>
</kw>
<kw name="Log" owner="BuiltIn">
<msg time="2025-09-18T15:57:52.383535" level="INFO">[&lt;appium.webdriver.webelement.WebElement (session="38d28c17-c0bf-4902-b3df-d8bc13421384", element="00000000-0000-00ad-0000-04eb00000003")&gt;, &lt;appium.webdriver.webelement.WebElement (session="38d28c17-c0bf-4902-b3df-d8bc13421384", element="00000000-0000-00ad-0000-04ed00000003")&gt;, &lt;appium.webdriver.webelement.WebElement (session="38d28c17-c0bf-4902-b3df-d8bc13421384", element="00000000-0000-00ad-0000-04ef00000003")&gt;, &lt;appium.webdriver.webelement.WebElement (session="38d28c17-c0bf-4902-b3df-d8bc13421384", element="00000000-0000-00ad-0000-04f100000003")&gt;, &lt;appium.webdriver.webelement.WebElement (session="38d28c17-c0bf-4902-b3df-d8bc13421384", element="00000000-0000-00ad-0000-04f300000003")&gt;, &lt;appium.webdriver.webelement.WebElement (session="38d28c17-c0bf-4902-b3df-d8bc13421384", element="00000000-0000-00ad-0000-04f500000003")&gt;, &lt;appium.webdriver.webelement.WebElement (session="38d28c17-c0bf-4902-b3df-d8bc13421384", element="00000000-0000-00ad-0000-04f700000003")&gt;, &lt;appium.webdriver.webelement.WebElement (session="38d28c17-c0bf-4902-b3df-d8bc13421384", element="00000000-0000-00ad-0000-04f900000003")&gt;]</msg>
<arg>${technician_list_data}</arg>
<doc>Logs the given message with the given level.</doc>
<status status="PASS" start="2025-09-18T15:57:52.383178" elapsed="0.000474"/>
</kw>
<kw name="Get Length" owner="BuiltIn">
<msg time="2025-09-18T15:57:52.384084" level="INFO">Length is 8.</msg>
<msg time="2025-09-18T15:57:52.384248" level="INFO">${count_technician} = 8</msg>
<var>${count_technician}</var>
<arg>${technician_list_data}</arg>
<doc>Returns and logs the length of the given item as an integer.</doc>
<status status="PASS" start="2025-09-18T15:57:52.383879" elapsed="0.000419"/>
</kw>
<kw name="Log" owner="BuiltIn">
<msg time="2025-09-18T15:57:52.384728" level="INFO">8</msg>
<arg>${count_technician}</arg>
<doc>Logs the given message with the given level.</doc>
<status status="PASS" start="2025-09-18T15:57:52.384517" elapsed="0.000295"/>
</kw>
<kw name="Evaluate" owner="BuiltIn">
<msg time="2025-09-18T15:57:52.385524" level="INFO">${index} = 4</msg>
<var>${index}</var>
<arg>__import__('random').randrange(${count_technician})</arg>
<doc>Evaluates the given expression in Python and returns the result.</doc>
<status status="PASS" start="2025-09-18T15:57:52.385036" elapsed="0.000538"/>
</kw>
<kw name="Get From List" owner="Collections">
<msg time="2025-09-18T15:57:52.386106" level="INFO">${random_technician} = &lt;appium.webdriver.webelement.WebElement (session="38d28c17-c0bf-4902-b3df-d8bc13421384", element="00000000-0000-00ad-0000-04f300000003")&gt;</msg>
<var>${random_technician}</var>
<arg>${technician_list_data}</arg>
<arg>${index}</arg>
<doc>Returns the value specified with an ``index`` from ``list``.</doc>
<status status="PASS" start="2025-09-18T15:57:52.385788" elapsed="0.000368"/>
</kw>
<kw name="Get Element Attribute" owner="AppiumLibrary">
<msg time="2025-09-18T15:57:52.437777" level="INFO">Element '&lt;appium.webdriver.webelement.WebElement (session="38d28c17-c0bf-4902-b3df-d8bc13421384", element="00000000-0000-00ad-0000-04f300000003")&gt;' attribute 'contentDescription' value 'Elena | 8520
5 Hour 13 Min
 0 Min' </msg>
<msg time="2025-09-18T15:57:52.438039" level="INFO">${technician} = Elena | 8520
5 Hour 13 Min
 0 Min</msg>
<var>${technician}</var>
<arg>${random_technician}</arg>
<arg>contentDescription</arg>
<doc>Get element attribute using given attribute: name, value,...</doc>
<status status="PASS" start="2025-09-18T15:57:52.386375" elapsed="0.051723"/>
</kw>
<kw name="Click Element" owner="AppiumLibrary">
<msg time="2025-09-18T15:57:52.446743" level="INFO">Clicking element '&lt;appium.webdriver.webelement.WebElement (session="38d28c17-c0bf-4902-b3df-d8bc13421384", element="00000000-0000-00ad-0000-04f300000003")&gt;'.</msg>
<arg>${random_technician}</arg>
<doc>Click element identified by `locator`.</doc>
<status status="PASS" start="2025-09-18T15:57:52.438439" elapsed="0.086867"/>
</kw>
<kw name="Set Element to Test Message" owner="common-keywords">
<kw name="Set Test Message" owner="BuiltIn">
<msg time="2025-09-18T15:57:52.526926" level="INFO">Set test message to:
: Technician:Elena | 8520
5 Hour 13 Min
 0 Min</msg>
<arg>: ${element}</arg>
<arg>append=${append}</arg>
<doc>Sets message for the current test case.</doc>
<status status="PASS" start="2025-09-18T15:57:52.526526" elapsed="0.000794"/>
</kw>
<arg>Technician:${technician}</arg>
<status status="PASS" start="2025-09-18T15:57:52.525795" elapsed="0.001684"/>
</kw>
<status status="PASS" start="2025-09-18T15:57:52.262989" elapsed="0.264600"/>
</kw>
<kw name="Then user select Service" owner="tab-checkout-keyword">
<kw name="Get Webelements" owner="AppiumLibrary">
<msg time="2025-09-18T15:57:53.173729" level="INFO">xpath criteria: //android.view.View[contains(@content-desc,"mins")]</msg>
<msg time="2025-09-18T15:57:53.174029" level="INFO">${services_list_data} = [&lt;appium.webdriver.webelement.WebElement (session="38d28c17-c0bf-4902-b3df-d8bc13421384", element="00000000-0000-00ad-0000-051300000003")&gt;, &lt;appium.webdriver.webelement.WebElement (session="38d28c17-c...</msg>
<var>${services_list_data}</var>
<arg>${SERVICE_CARDS}</arg>
<doc>Returns list of [http://selenium-python.readthedocs.io/api.html#module-selenium.webdriver.remote.webelement|WebElement] objects matching ``locator``.</doc>
<status status="PASS" start="2025-09-18T15:57:52.529634" elapsed="0.644458"/>
</kw>
<kw name="Get Length" owner="BuiltIn">
<msg time="2025-09-18T15:57:53.174958" level="INFO">Length is 5.</msg>
<msg time="2025-09-18T15:57:53.175117" level="INFO">${count_services} = 5</msg>
<var>${count_services}</var>
<arg>${services_list_data}</arg>
<doc>Returns and logs the length of the given item as an integer.</doc>
<status status="PASS" start="2025-09-18T15:57:53.174569" elapsed="0.000597"/>
</kw>
<kw name="Create List" owner="BuiltIn">
<msg time="2025-09-18T15:57:53.175812" level="INFO">@{selected_services} = [ ]</msg>
<var>@{selected_services}</var>
<doc>Returns a list containing given items.</doc>
<status status="PASS" start="2025-09-18T15:57:53.175548" elapsed="0.000315"/>
</kw>
<for flavor="IN RANGE">
<iter>
<kw name="Evaluate" owner="BuiltIn">
<msg time="2025-09-18T15:57:53.177109" level="INFO">${index} = 2</msg>
<var>${index}</var>
<arg>__import__('random').randrange(${count_services})</arg>
<doc>Evaluates the given expression in Python and returns the result.</doc>
<status status="PASS" start="2025-09-18T15:57:53.176633" elapsed="0.000632"/>
</kw>
<kw name="Get From List" owner="Collections">
<msg time="2025-09-18T15:57:53.177907" level="INFO">${random_service} = &lt;appium.webdriver.webelement.WebElement (session="38d28c17-c0bf-4902-b3df-d8bc13421384", element="00000000-0000-00ad-0000-051700000003")&gt;</msg>
<var>${random_service}</var>
<arg>${services_list_data}</arg>
<arg>${index}</arg>
<doc>Returns the value specified with an ``index`` from ``list``.</doc>
<status status="PASS" start="2025-09-18T15:57:53.177524" elapsed="0.000437"/>
</kw>
<kw name="Get Element Attribute" owner="AppiumLibrary">
<msg time="2025-09-18T15:57:53.238510" level="INFO">Element '&lt;appium.webdriver.webelement.WebElement (session="38d28c17-c0bf-4902-b3df-d8bc13421384", element="00000000-0000-00ad-0000-051700000003")&gt;' attribute 'contentDescription' value 'Hydra medic
60 mins
$130.00' </msg>
<msg time="2025-09-18T15:57:53.238767" level="INFO">${desc} = Hydra medic
60 mins
$130.00</msg>
<var>${desc}</var>
<arg>${random_service}</arg>
<arg>contentDescription</arg>
<doc>Get element attribute using given attribute: name, value,...</doc>
<status status="PASS" start="2025-09-18T15:57:53.178192" elapsed="0.060631"/>
</kw>
<kw name="Get Service Price of selected service" owner="tab-checkout-keyword">
<kw name="Get Element Attribute" owner="AppiumLibrary">
<msg time="2025-09-18T15:57:53.289051" level="INFO">Element '&lt;appium.webdriver.webelement.WebElement (session="38d28c17-c0bf-4902-b3df-d8bc13421384", element="00000000-0000-00ad-0000-051700000003")&gt;' attribute 'contentDescription' value 'Hydra medic
60 mins
$130.00' </msg>
<msg time="2025-09-18T15:57:53.289309" level="INFO">${desc} = Hydra medic
60 mins
$130.00</msg>
<var>${desc}</var>
<arg>${element}</arg>
<arg>${attribute}</arg>
<doc>Get element attribute using given attribute: name, value,...</doc>
<status status="PASS" start="2025-09-18T15:57:53.240163" elapsed="0.049201"/>
</kw>
<kw name="Split String" owner="String">
<msg time="2025-09-18T15:57:53.290140" level="INFO">${after_dollar} = ['Hydra medic\n60 mins\n', '130.00']</msg>
<var>${after_dollar}</var>
<arg>${desc}</arg>
<arg>${split_char}</arg>
<arg>1</arg>
<doc>Splits the ``string`` using ``separator`` as a delimiter string.</doc>
<status status="PASS" start="2025-09-18T15:57:53.289711" elapsed="0.000480"/>
</kw>
<kw name="Strip String" owner="String">
<msg time="2025-09-18T15:57:53.290748" level="INFO">${value_after_dollar} = 130.00</msg>
<var>${value_after_dollar}</var>
<arg>${after_dollar}[1]</arg>
<doc>Remove leading and/or trailing whitespaces from the given string.</doc>
<status status="PASS" start="2025-09-18T15:57:53.290431" elapsed="0.000368"/>
</kw>
<return>
<value>${value_after_dollar}</value>
<status status="PASS" start="2025-09-18T15:57:53.290906" elapsed="0.000074"/>
</return>
<msg time="2025-09-18T15:57:53.291243" level="INFO">${service_amount} = 130.00</msg>
<var>${service_amount}</var>
<arg>${random_service}</arg>
<status status="PASS" start="2025-09-18T15:57:53.239294" elapsed="0.052001"/>
</kw>
<kw name="Append To List" owner="Collections">
<arg>${selected_services}</arg>
<arg>${service_amount}</arg>
<doc>Adds ``values`` to the end of ``list``.</doc>
<status status="PASS" start="2025-09-18T15:57:53.291547" elapsed="0.000291"/>
</kw>
<kw name="Click Element" owner="AppiumLibrary">
<msg time="2025-09-18T15:57:53.300439" level="INFO">Clicking element '&lt;appium.webdriver.webelement.WebElement (session="38d28c17-c0bf-4902-b3df-d8bc13421384", element="00000000-0000-00ad-0000-051700000003")&gt;'.</msg>
<arg>${random_service}</arg>
<doc>Click element identified by `locator`.</doc>
<status status="PASS" start="2025-09-18T15:57:53.292045" elapsed="0.125983"/>
</kw>
<kw name="Sleep" owner="BuiltIn">
<msg time="2025-09-18T15:57:53.919472" level="INFO">Slept 500 milliseconds.</msg>
<arg>0.5s</arg>
<doc>Pauses the test executed for the given time.</doc>
<status status="PASS" start="2025-09-18T15:57:53.418410" elapsed="0.501288"/>
</kw>
<kw name="Set Element to Test Message" owner="common-keywords">
<kw name="Set Test Message" owner="BuiltIn">
<msg time="2025-09-18T15:57:53.921205" level="INFO">Set test message to:
: Technician:Elena | 8520
5 Hour 13 Min
 0 Min : Service:Hydra medic
60 mins
$130.00</msg>
<arg>: ${element}</arg>
<arg>append=${append}</arg>
<doc>Sets message for the current test case.</doc>
<status status="PASS" start="2025-09-18T15:57:53.920832" elapsed="0.000459"/>
</kw>
<arg>Service:${desc}</arg>
<status status="PASS" start="2025-09-18T15:57:53.920146" elapsed="0.001261"/>
</kw>
<var name="${i}">0</var>
<status status="PASS" start="2025-09-18T15:57:53.176443" elapsed="0.745027"/>
</iter>
<iter>
<kw name="Evaluate" owner="BuiltIn">
<msg time="2025-09-18T15:57:53.922322" level="INFO">${index} = 4</msg>
<var>${index}</var>
<arg>__import__('random').randrange(${count_services})</arg>
<doc>Evaluates the given expression in Python and returns the result.</doc>
<status status="PASS" start="2025-09-18T15:57:53.921893" elapsed="0.000477"/>
</kw>
<kw name="Get From List" owner="Collections">
<msg time="2025-09-18T15:57:53.922922" level="INFO">${random_service} = &lt;appium.webdriver.webelement.WebElement (session="38d28c17-c0bf-4902-b3df-d8bc13421384", element="00000000-0000-00ad-0000-051b00000003")&gt;</msg>
<var>${random_service}</var>
<arg>${services_list_data}</arg>
<arg>${index}</arg>
<doc>Returns the value specified with an ``index`` from ``list``.</doc>
<status status="PASS" start="2025-09-18T15:57:53.922583" elapsed="0.000393"/>
</kw>
<kw name="Get Element Attribute" owner="AppiumLibrary">
<msg time="2025-09-18T15:57:53.984670" level="INFO">Element '&lt;appium.webdriver.webelement.WebElement (session="38d28c17-c0bf-4902-b3df-d8bc13421384", element="00000000-0000-00ad-0000-051b00000003")&gt;' attribute 'contentDescription' value 'Back Cleaning
60 mins
$85.00' </msg>
<msg time="2025-09-18T15:57:53.984937" level="INFO">${desc} = Back Cleaning
60 mins
$85.00</msg>
<var>${desc}</var>
<arg>${random_service}</arg>
<arg>contentDescription</arg>
<doc>Get element attribute using given attribute: name, value,...</doc>
<status status="PASS" start="2025-09-18T15:57:53.923193" elapsed="0.061801"/>
</kw>
<kw name="Get Service Price of selected service" owner="tab-checkout-keyword">
<kw name="Get Element Attribute" owner="AppiumLibrary">
<msg time="2025-09-18T15:57:54.029687" level="INFO">Element '&lt;appium.webdriver.webelement.WebElement (session="38d28c17-c0bf-4902-b3df-d8bc13421384", element="00000000-0000-00ad-0000-051b00000003")&gt;' attribute 'contentDescription' value 'Back Cleaning
60 mins
$85.00' </msg>
<msg time="2025-09-18T15:57:54.029965" level="INFO">${desc} = Back Cleaning
60 mins
$85.00</msg>
<var>${desc}</var>
<arg>${element}</arg>
<arg>${attribute}</arg>
<doc>Get element attribute using given attribute: name, value,...</doc>
<status status="PASS" start="2025-09-18T15:57:53.986174" elapsed="0.043847"/>
</kw>
<kw name="Split String" owner="String">
<msg time="2025-09-18T15:57:54.030785" level="INFO">${after_dollar} = ['Back Cleaning\n60 mins\n', '85.00']</msg>
<var>${after_dollar}</var>
<arg>${desc}</arg>
<arg>${split_char}</arg>
<arg>1</arg>
<doc>Splits the ``string`` using ``separator`` as a delimiter string.</doc>
<status status="PASS" start="2025-09-18T15:57:54.030369" elapsed="0.000466"/>
</kw>
<kw name="Strip String" owner="String">
<msg time="2025-09-18T15:57:54.031361" level="INFO">${value_after_dollar} = 85.00</msg>
<var>${value_after_dollar}</var>
<arg>${after_dollar}[1]</arg>
<doc>Remove leading and/or trailing whitespaces from the given string.</doc>
<status status="PASS" start="2025-09-18T15:57:54.031063" elapsed="0.000348"/>
</kw>
<return>
<value>${value_after_dollar}</value>
<status status="PASS" start="2025-09-18T15:57:54.031531" elapsed="0.000075"/>
</return>
<msg time="2025-09-18T15:57:54.031867" level="INFO">${service_amount} = 85.00</msg>
<var>${service_amount}</var>
<arg>${random_service}</arg>
<status status="PASS" start="2025-09-18T15:57:53.985484" elapsed="0.046434"/>
</kw>
<kw name="Append To List" owner="Collections">
<arg>${selected_services}</arg>
<arg>${service_amount}</arg>
<doc>Adds ``values`` to the end of ``list``.</doc>
<status status="PASS" start="2025-09-18T15:57:54.032132" elapsed="0.000279"/>
</kw>
<kw name="Click Element" owner="AppiumLibrary">
<msg time="2025-09-18T15:57:54.040095" level="INFO">Clicking element '&lt;appium.webdriver.webelement.WebElement (session="38d28c17-c0bf-4902-b3df-d8bc13421384", element="00000000-0000-00ad-0000-051b00000003")&gt;'.</msg>
<arg>${random_service}</arg>
<doc>Click element identified by `locator`.</doc>
<status status="PASS" start="2025-09-18T15:57:54.032622" elapsed="0.141473"/>
</kw>
<kw name="Sleep" owner="BuiltIn">
<msg time="2025-09-18T15:57:54.675444" level="INFO">Slept 500 milliseconds.</msg>
<arg>0.5s</arg>
<doc>Pauses the test executed for the given time.</doc>
<status status="PASS" start="2025-09-18T15:57:54.174461" elapsed="0.501205"/>
</kw>
<kw name="Set Element to Test Message" owner="common-keywords">
<kw name="Set Test Message" owner="BuiltIn">
<msg time="2025-09-18T15:57:54.677177" level="INFO">Set test message to:
: Technician:Elena | 8520
5 Hour 13 Min
 0 Min : Service:Hydra medic
60 mins
$130.00 : Service:Back Cleaning
60 mins
$85.00</msg>
<arg>: ${element}</arg>
<arg>append=${append}</arg>
<doc>Sets message for the current test case.</doc>
<status status="PASS" start="2025-09-18T15:57:54.676809" elapsed="0.000644"/>
</kw>
<arg>Service:${desc}</arg>
<status status="PASS" start="2025-09-18T15:57:54.676109" elapsed="0.001460"/>
</kw>
<var name="${i}">1</var>
<status status="PASS" start="2025-09-18T15:57:53.921717" elapsed="0.755915"/>
</iter>
<var>${i}</var>
<value>${n}</value>
<status status="PASS" start="2025-09-18T15:57:53.175989" elapsed="1.501717"/>
</for>
<kw name="Sum Service Amounts of selected services" owner="tab-checkout-keyword">
<kw name="Set Variable" owner="BuiltIn">
<msg time="2025-09-18T15:57:54.678780" level="INFO">${total} = 0.0</msg>
<var>${total}</var>
<arg>0.0</arg>
<doc>Returns the given values which can then be assigned to a variables.</doc>
<status status="PASS" start="2025-09-18T15:57:54.678560" elapsed="0.000267"/>
</kw>
<for flavor="IN">
<iter>
<kw name="Convert To Number" owner="BuiltIn">
<msg time="2025-09-18T15:57:54.679659" level="INFO">${amount_float} = 130.0</msg>
<var>${amount_float}</var>
<arg>${amount}</arg>
<doc>Converts the given item to a floating point number.</doc>
<status status="PASS" start="2025-09-18T15:57:54.679363" elapsed="0.000343"/>
</kw>
<kw name="Evaluate" owner="BuiltIn">
<msg time="2025-09-18T15:57:54.680316" level="INFO">${total} = 130.0</msg>
<var>${total}</var>
<arg>${total} + ${amount_float}</arg>
<doc>Evaluates the given expression in Python and returns the result.</doc>
<status status="PASS" start="2025-09-18T15:57:54.679912" elapsed="0.000450"/>
</kw>
<var name="${amount}">130.00</var>
<status status="PASS" start="2025-09-18T15:57:54.679191" elapsed="0.001241"/>
</iter>
<iter>
<kw name="Convert To Number" owner="BuiltIn">
<msg time="2025-09-18T15:57:54.681116" level="INFO">${amount_float} = 85.0</msg>
<var>${amount_float}</var>
<arg>${amount}</arg>
<doc>Converts the given item to a floating point number.</doc>
<status status="PASS" start="2025-09-18T15:57:54.680754" elapsed="0.000410"/>
</kw>
<kw name="Evaluate" owner="BuiltIn">
<msg time="2025-09-18T15:57:54.681736" level="INFO">${total} = 215.0</msg>
<var>${total}</var>
<arg>${total} + ${amount_float}</arg>
<doc>Evaluates the given expression in Python and returns the result.</doc>
<status status="PASS" start="2025-09-18T15:57:54.681372" elapsed="0.000410"/>
</kw>
<var name="${amount}">85.00</var>
<status status="PASS" start="2025-09-18T15:57:54.680588" elapsed="0.001261"/>
</iter>
<var>${amount}</var>
<value>@{amounts}</value>
<status status="PASS" start="2025-09-18T15:57:54.678937" elapsed="0.002973"/>
</for>
<return>
<value>${total}</value>
<status status="PASS" start="2025-09-18T15:57:54.681998" elapsed="0.000067"/>
</return>
<msg time="2025-09-18T15:57:54.682282" level="INFO">${subtotal} = 215.0</msg>
<var>${subtotal}</var>
<arg>@{selected_services}</arg>
<status status="PASS" start="2025-09-18T15:57:54.678069" elapsed="0.004259"/>
</kw>
<kw name="Set Element to Test Message" owner="common-keywords">
<kw name="Set Test Message" owner="BuiltIn">
<msg time="2025-09-18T15:57:54.683397" level="INFO">Set test message to:
: Technician:Elena | 8520
5 Hour 13 Min
 0 Min : Service:Hydra medic
60 mins
$130.00 : Service:Back Cleaning
60 mins
$85.00 : Subtotal:215.0</msg>
<arg>: ${element}</arg>
<arg>append=${append}</arg>
<doc>Sets message for the current test case.</doc>
<status status="PASS" start="2025-09-18T15:57:54.683091" elapsed="0.000392"/>
</kw>
<arg>Subtotal:${subtotal}</arg>
<status status="PASS" start="2025-09-18T15:57:54.682561" elapsed="0.001032"/>
</kw>
<arg>2</arg>
<status status="PASS" start="2025-09-18T15:57:52.528812" elapsed="2.154879"/>
</kw>
<kw name="And user proceed to add new client successfully" owner="tab-checkout-keyword">
<kw name="user press on Add Client button" owner="tab-checkout-keyword">
<kw name="Wait Until Element Is Visible" owner="AppiumLibrary">
<msg time="2025-09-18T15:57:54.891174" level="INFO">xpath criteria: (//android.view.View[@content-desc="Client"])[1]</msg>
<arg>${ADD_CLIENT_BUTTON}</arg>
<doc>Waits until element specified with `locator` is visible.</doc>
<status status="PASS" start="2025-09-18T15:57:54.685435" elapsed="0.206097"/>
</kw>
<kw name="Click Element" owner="AppiumLibrary">
<msg time="2025-09-18T15:57:54.899829" level="INFO">Clicking element 'xpath=(//android.view.View[@content-desc="Client"])[1]'.</msg>
<msg time="2025-09-18T15:57:55.132353" level="INFO">xpath criteria: (//android.view.View[@content-desc="Client"])[1]</msg>
<arg>${ADD_CLIENT_BUTTON}</arg>
<doc>Click element identified by `locator`.</doc>
<status status="PASS" start="2025-09-18T15:57:54.891935" elapsed="0.240617"/>
</kw>
<status status="PASS" start="2025-09-18T15:57:54.685041" elapsed="0.447715"/>
</kw>
<kw name="user should see the Select Client modal" owner="tab-checkout-keyword">
<kw name="Wait Until Element Is Visible" owner="AppiumLibrary">
<msg time="2025-09-18T15:57:56.049890" level="INFO">xpath criteria: //android.view.View[contains(@content-desc,"SELECT CLIENT")]</msg>
<arg>${SELECT_CLIENT_TITLE}</arg>
<doc>Waits until element specified with `locator` is visible.</doc>
<status status="PASS" start="2025-09-18T15:57:55.133682" elapsed="0.916505"/>
</kw>
<kw name="Wait Until Element Is Visible" owner="AppiumLibrary">
<msg time="2025-09-18T15:57:56.182171" level="INFO">xpath criteria: //android.view.View[normalize-space(@hint)="Phone Number"][@clickable='false']</msg>
<arg>${SEARCH_CLIENT_FIELD}</arg>
<doc>Waits until element specified with `locator` is visible.</doc>
<status status="PASS" start="2025-09-18T15:57:56.050556" elapsed="0.131799"/>
</kw>
<status status="PASS" start="2025-09-18T15:57:55.133159" elapsed="1.049361"/>
</kw>
<kw name="user proceed to input not exist client's phone number" owner="tab-checkout-keyword">
<kw name="Click Element" owner="AppiumLibrary">
<msg time="2025-09-18T15:57:56.191187" level="INFO">Clicking element 'xpath=//android.view.View[normalize-space(@hint)="Phone Number"][@clickable='false']'.</msg>
<msg time="2025-09-18T15:57:56.366664" level="INFO">xpath criteria: //android.view.View[normalize-space(@hint)="Phone Number"][@clickable='false']</msg>
<arg>${SEARCH_CLIENT_FIELD}</arg>
<doc>Click element identified by `locator`.</doc>
<status status="PASS" start="2025-09-18T15:57:56.183442" elapsed="0.183412"/>
</kw>
<kw name="Input Random US Phone Number" owner="common-keywords">
<kw name="Generate Random US Phone Number" owner="common-keywords">
<kw name="Random Int" owner="FakerLibrary">
<msg time="2025-09-18T15:57:56.369213" level="INFO">${valid_first_number} = 5</msg>
<var>${valid_first_number}</var>
<arg>min=2</arg>
<arg>max=9</arg>
<doc>Generate a random integer between two integers ``min`` and ``max`` inclusive
while observing the provided ``step`` value.</doc>
<status status="PASS" start="2025-09-18T15:57:56.368579" elapsed="0.000738"/>
</kw>
<kw name="Generate Random String" owner="String">
<msg time="2025-09-18T15:57:56.370038" level="INFO">${rest_number} = 765917177</msg>
<var>${rest_number}</var>
<arg>9</arg>
<arg>[NUMBERS]</arg>
<doc>Generates a string with a desired ``length`` from the given ``chars``.</doc>
<status status="PASS" start="2025-09-18T15:57:56.369613" elapsed="0.000475"/>
</kw>
<kw name="Catenate" owner="BuiltIn">
<msg time="2025-09-18T15:57:56.370677" level="INFO">${valid_phonenumber} = 5765917177</msg>
<var>${valid_phonenumber}</var>
<arg>SEPARATOR=</arg>
[...]
<status status="PASS" start="2025-09-18T15:58:07.343123" elapsed="0.000311"/>
</kw>
<kw name="Catenate" owner="BuiltIn">
<msg time="2025-09-18T15:58:07.344069" level="INFO">${email} = betty@yopmail.com</msg>
<var>${email}</var>
<arg>SEPARATOR=@</arg>
<arg>${user_name}</arg>
<arg>yopmail.com</arg>
<doc>Catenates the given items together and returns the resulted string.</doc>
<status status="PASS" start="2025-09-18T15:58:07.343647" elapsed="0.000473"/>
</kw>
<return>
<value>${email}</value>
<status status="PASS" start="2025-09-18T15:58:07.344228" elapsed="0.000071"/>
</return>
<msg time="2025-09-18T15:58:07.344661" level="INFO">${email_data} = betty@yopmail.com</msg>
<var>${email_data}</var>
<status status="PASS" start="2025-09-18T15:58:07.341042" elapsed="0.003668"/>
</kw>
<kw name="Generate Random Address" owner="common-keywords">
<kw name="Street Address" owner="FakerLibrary">
<msg time="2025-09-18T15:58:07.346032" level="INFO">${street_address} = 790 Bowers Shoals</msg>
<var>${street_address}</var>
<doc>:example: '791 Crist Parks'</doc>
<status status="PASS" start="2025-09-18T15:58:07.345447" elapsed="0.000637"/>
</kw>
<kw name="City" owner="FakerLibrary">
<msg time="2025-09-18T15:58:07.346684" level="INFO">${city} = East Karen</msg>
<var>${city}</var>
<doc>:example: 'Sashabury'</doc>
<status status="PASS" start="2025-09-18T15:58:07.346287" elapsed="0.000446"/>
</kw>
<kw name="State" owner="FakerLibrary">
<msg time="2025-09-18T15:58:07.347160" level="INFO">${state} = Maine</msg>
<var>${state}</var>
<status status="PASS" start="2025-09-18T15:58:07.346930" elapsed="0.000278"/>
</kw>
<kw name="Catenate" owner="BuiltIn">
<msg time="2025-09-18T15:58:07.347777" level="INFO">${full_address} = 790 Bowers ShoalsEast KarenMaine</msg>
<var>${full_address}</var>
<arg>SEPARATOR=</arg>
<arg>${street_address}</arg>
<arg>${city}</arg>
<arg>${state}</arg>
<doc>Catenates the given items together and returns the resulted string.</doc>
<status status="PASS" start="2025-09-18T15:58:07.347399" elapsed="0.000495"/>
</kw>
<return>
<value>${full_address}</value>
<status status="PASS" start="2025-09-18T15:58:07.348004" elapsed="0.000052"/>
</return>
<msg time="2025-09-18T15:58:07.348283" level="INFO">${address_data} = 790 Bowers ShoalsEast KarenMaine</msg>
<var>${address_data}</var>
<status status="PASS" start="2025-09-18T15:58:07.345037" elapsed="0.003294"/>
</kw>
<kw name="Click Element" owner="AppiumLibrary">
<msg time="2025-09-18T15:58:07.357259" level="INFO">Clicking element 'xpath=//android.widget.EditText[normalize-space(@hint)="First Name"]'.</msg>
<msg time="2025-09-18T15:58:08.590125" level="INFO">xpath criteria: //android.widget.EditText[normalize-space(@hint)="First Name"]</msg>
<arg>${first_name_locator}</arg>
<doc>Click element identified by `locator`.</doc>
<status status="PASS" start="2025-09-18T15:58:07.348534" elapsed="1.241749"/>
</kw>
<kw name="Input Text" owner="AppiumLibrary">
<msg time="2025-09-18T15:58:08.598840" level="INFO">Typing text 'Mary' into text field 'xpath=//android.widget.EditText[normalize-space(@hint)="First Name"]'</msg>
<msg time="2025-09-18T15:58:08.750596" level="INFO">xpath criteria: //android.widget.EditText[normalize-space(@hint)="First Name"]</msg>
<arg>${first_name_locator}</arg>
<arg>${first_name_data}</arg>
<doc>Types the given `text` into text field identified by `locator`.</doc>
<status status="PASS" start="2025-09-18T15:58:08.590628" elapsed="0.160185"/>
</kw>
<kw name="Click Element" owner="AppiumLibrary">
<msg time="2025-09-18T15:58:08.759620" level="INFO">Clicking element 'xpath=//android.widget.EditText[normalize-space(@hint)="Last Name"]'.</msg>
<msg time="2025-09-18T15:58:09.651281" level="INFO">xpath criteria: //android.widget.EditText[normalize-space(@hint)="Last Name"]</msg>
<arg>${last_name_locator}</arg>
<doc>Click element identified by `locator`.</doc>
<status status="PASS" start="2025-09-18T15:58:08.751160" elapsed="0.900293"/>
</kw>
<kw name="Input Text" owner="AppiumLibrary">
<msg time="2025-09-18T15:58:09.659916" level="INFO">Typing text 'Ward' into text field 'xpath=//android.widget.EditText[normalize-space(@hint)="Last Name"]'</msg>
<msg time="2025-09-18T15:58:10.498898" level="INFO">xpath criteria: //android.widget.EditText[normalize-space(@hint)="Last Name"]</msg>
<arg>${last_name_locator}</arg>
<arg>${last_name_data}</arg>
<doc>Types the given `text` into text field identified by `locator`.</doc>
<status status="PASS" start="2025-09-18T15:58:09.651814" elapsed="0.847251"/>
</kw>
<kw name="Click Element" owner="AppiumLibrary">
<msg time="2025-09-18T15:58:10.507300" level="INFO">Clicking element 'xpath=//android.widget.EditText[normalize-space(@hint)="Email"]'.</msg>
<msg time="2025-09-18T15:58:12.167255" level="INFO">xpath criteria: //android.widget.EditText[normalize-space(@hint)="Email"]</msg>
<arg>${email_locator}</arg>
<doc>Click element identified by `locator`.</doc>
<status status="PASS" start="2025-09-18T15:58:10.499403" elapsed="1.668010"/>
</kw>
<kw name="Input Text" owner="AppiumLibrary">
<msg time="2025-09-18T15:58:12.176203" level="INFO">Typing text 'betty@yopmail.com' into text field 'xpath=//android.widget.EditText[normalize-space(@hint)="Email"]'</msg>
<msg time="2025-09-18T15:58:12.338344" level="INFO">xpath criteria: //android.widget.EditText[normalize-space(@hint)="Email"]</msg>
<arg>${email_locator}</arg>
<arg>${email_data}</arg>
<doc>Types the given `text` into text field identified by `locator`.</doc>
<status status="PASS" start="2025-09-18T15:58:12.167830" elapsed="0.170837"/>
</kw>
<kw name="Hide Keyboard" owner="AppiumLibrary">
<doc>Hides the software keyboard on the device. (optional) In iOS, use `key_name` to press
a particular key, ex. `Done`. In Android, no parameters are used.</doc>
<status status="PASS" start="2025-09-18T15:58:12.339095" elapsed="3.614686"/>
</kw>
<kw name="Click Element" owner="AppiumLibrary">
<msg time="2025-09-18T15:58:15.962509" level="INFO">Clicking element 'xpath=//android.widget.EditText[normalize-space(@hint)="Address"]'.</msg>
<msg time="2025-09-18T15:58:16.391476" level="INFO">xpath criteria: //android.widget.EditText[normalize-space(@hint)="Address"]</msg>
<arg>${address_locator}</arg>
<doc>Click element identified by `locator`.</doc>
<status status="PASS" start="2025-09-18T15:58:15.954140" elapsed="0.437525"/>
</kw>
<kw name="Input Text" owner="AppiumLibrary">
<msg time="2025-09-18T15:58:16.400477" level="INFO">Typing text '790 Bowers ShoalsEast KarenMaine' into text field 'xpath=//android.widget.EditText[normalize-space(@hint)="Address"]'</msg>
<msg time="2025-09-18T15:58:17.554346" level="INFO">xpath criteria: //android.widget.EditText[normalize-space(@hint)="Address"]</msg>
<arg>${address_locator}</arg>
<arg>${address_data}</arg>
<doc>Types the given `text` into text field identified by `locator`.</doc>
<status status="PASS" start="2025-09-18T15:58:16.392127" elapsed="1.162378"/>
</kw>
<return>
<value>${first_name_data}</value>
<value>${last_name_data}</value>
<value>${email_data}</value>
<value>${address_data}</value>
<status status="PASS" start="2025-09-18T15:58:17.554666" elapsed="0.000092"/>
</return>
<arg>${CLIENT_FIRST_NAME_FIELD}</arg>
<arg>${CLIENT_LAST_NAME_FIELD}</arg>
<arg>${CLIENT_EMAIL_FIELD}</arg>
<arg>${CLIENT_ADDRESS_FIELD}</arg>
<status status="PASS" start="2025-09-18T15:58:07.335534" elapsed="10.219642"/>
</kw>
<status status="PASS" start="2025-09-18T15:58:07.334819" elapsed="10.220518"/>
</kw>
<kw name="user press on &quot;Submit&quot; button to create new client" owner="tab-checkout-keyword">
<kw name="Click Element" owner="AppiumLibrary">
<msg time="2025-09-18T15:58:17.564790" level="INFO">Clicking element 'xpath=//android.view.View[@content-desc="Submit"]'.</msg>
<msg time="2025-09-18T15:58:19.638396" level="INFO">xpath criteria: //android.view.View[@content-desc="Submit"]</msg>
<arg>${SUBMIT_ADD_NEW_CLIENT_BUTTON}</arg>
<doc>Click element identified by `locator`.</doc>
<status status="PASS" start="2025-09-18T15:58:17.556488" elapsed="2.082070"/>
</kw>
<kw name="Wait Until Element Is Visible" owner="AppiumLibrary">
<msg time="2025-09-18T15:58:19.819365" level="INFO">xpath criteria: //android.view.View[@content-desc="Remove"]</msg>
<arg>${REMOVE_CLIENT_BUTTON}</arg>
<doc>Waits until element specified with `locator` is visible.</doc>
<status status="PASS" start="2025-09-18T15:58:19.638913" elapsed="0.180610"/>
</kw>
<status status="PASS" start="2025-09-18T15:58:17.555694" elapsed="2.264004"/>
</kw>
<status status="PASS" start="2025-09-18T15:57:54.684450" elapsed="25.135357"/>
</kw>
<kw name="Then user tap on Payment button" owner="tab-checkout-keyword">
<kw name="Wait Until Element Is Visible" owner="AppiumLibrary">
<msg time="2025-09-18T15:58:19.993798" level="INFO">xpath criteria: //android.view.View[@content-desc="Payment"][@enabled='true']</msg>
<arg>${PAYMENT_BUTTON}</arg>
<doc>Waits until element specified with `locator` is visible.</doc>
<status status="PASS" start="2025-09-18T15:58:19.821042" elapsed="0.172945"/>
</kw>
<kw name="Click Element" owner="AppiumLibrary">
<msg time="2025-09-18T15:58:20.002027" level="INFO">Clicking element 'xpath=//android.view.View[@content-desc="Payment"][@enabled='true']'.</msg>
<msg time="2025-09-18T15:58:20.216082" level="INFO">xpath criteria: //android.view.View[@content-desc="Payment"][@enabled='true']</msg>
<arg>${PAYMENT_BUTTON}</arg>
<doc>Click element identified by `locator`.</doc>
<status status="PASS" start="2025-09-18T15:58:19.994355" elapsed="0.221949"/>
</kw>
<kw name="Sleep" owner="BuiltIn">
<msg time="2025-09-18T15:58:23.217903" level="INFO">Slept 3 seconds.</msg>
<arg>3s</arg>
<doc>Pauses the test executed for the given time.</doc>
<status status="PASS" start="2025-09-18T15:58:20.216641" elapsed="3.001489"/>
</kw>
<status status="PASS" start="2025-09-18T15:58:19.820481" elapsed="3.397834"/>
</kw>
<kw name="Sleep" owner="BuiltIn">
<msg time="2025-09-18T15:58:28.219960" level="INFO">Slept 5 seconds.</msg>
<arg>5s</arg>
<doc>Pauses the test executed for the given time.</doc>
<status status="PASS" start="2025-09-18T15:58:23.219014" elapsed="5.001168"/>
</kw>
<kw name="And the system displays the Checkout Payment screen" owner="tab-checkout-keyword">
<kw name="Wait Until Element Is Visible" owner="AppiumLibrary">
<msg time="2025-09-18T15:58:28.724491" level="INFO">xpath criteria: //android.view.View[normalize-space(@content-desc)="MAIN MENU &gt; Checkout"]</msg>
<arg>${PAYMENT_CHECKOUT_TITLE}</arg>
<doc>Waits until element specified with `locator` is visible.</doc>
<status status="PASS" start="2025-09-18T15:58:28.221779" elapsed="0.502884"/>
</kw>
<status status="PASS" start="2025-09-18T15:58:28.221207" elapsed="0.503643"/>
</kw>
<kw name="And user select PAID EXTERNALLY method" owner="tab-checkout-keyword">
<kw name="Wait Until Element Is Visible" owner="AppiumLibrary">
<msg time="2025-09-18T15:58:29.220729" level="INFO">xpath criteria: //android.view.View[@content-desc="Paid Externally"]</msg>
<arg>${PAID_EXTERNALLY}</arg>
<doc>Waits until element specified with `locator` is visible.</doc>
<status status="PASS" start="2025-09-18T15:58:28.726834" elapsed="0.494053"/>
</kw>
<kw name="Click Element" owner="AppiumLibrary">
<msg time="2025-09-18T15:58:29.229229" level="INFO">Clicking element 'xpath=//android.view.View[@content-desc="Paid Externally"]'.</msg>
<msg time="2025-09-18T15:58:29.760562" level="INFO">xpath criteria: //android.view.View[@content-desc="Paid Externally"]</msg>
<arg>${PAID_EXTERNALLY}</arg>
<doc>Click element identified by `locator`.</doc>
<status status="PASS" start="2025-09-18T15:58:29.221340" elapsed="0.539384"/>
</kw>
<kw name="Sleep" owner="BuiltIn">
<msg time="2025-09-18T15:58:32.762982" level="INFO">Slept 3 seconds.</msg>
<arg>3s</arg>
<doc>Pauses the test executed for the given time.</doc>
<status status="PASS" start="2025-09-18T15:58:29.761346" elapsed="3.001860"/>
</kw>
<status status="PASS" start="2025-09-18T15:58:28.726027" elapsed="4.037356"/>
</kw>
<kw name="Then system navigate user to Tip screen" owner="tab-checkout-keyword">
<kw name="Wait Until Element Is Visible" owner="AppiumLibrary">
<msg time="2025-09-18T15:58:32.963665" level="INFO">xpath criteria: //android.view.View[normalize-space(@content-desc)="Back Tips"]</msg>
<arg>${TIPS_SCREEN_TITLE}</arg>
<doc>Waits until element specified with `locator` is visible.</doc>
<status status="PASS" start="2025-09-18T15:58:32.764870" elapsed="0.199009"/>
</kw>
<status status="PASS" start="2025-09-18T15:58:32.764310" elapsed="0.199744"/>
</kw>
<kw name="When user tap on Skip the Tip button" owner="tab-checkout-keyword">
<kw name="Wait Until Element Is Visible" owner="AppiumLibrary">
<msg time="2025-09-18T15:58:33.079433" level="INFO">xpath criteria: //android.view.View[@content-desc="Skip"]</msg>
<arg>${SKIP_TIP_BUTTON}</arg>
<doc>Waits until element specified with `locator` is visible.</doc>
<status status="PASS" start="2025-09-18T15:58:32.966535" elapsed="0.113063"/>
</kw>
<kw name="Click Element" owner="AppiumLibrary">
<msg time="2025-09-18T15:58:33.087469" level="INFO">Clicking element 'xpath=//android.view.View[@content-desc="Skip"]'.</msg>
<msg time="2025-09-18T15:58:33.305049" level="INFO">xpath criteria: //android.view.View[@content-desc="Skip"]</msg>
<arg>${SKIP_TIP_BUTTON}</arg>
<doc>Click element identified by `locator`.</doc>
<status status="PASS" start="2025-09-18T15:58:33.079937" elapsed="0.225323"/>
</kw>
<status status="PASS" start="2025-09-18T15:58:32.965867" elapsed="0.339633"/>
</kw>
<kw name="Then system displays the Payment by Paid Externally screen" owner="tab-checkout-keyword">
<kw name="Wait Until Element Is Visible" owner="AppiumLibrary">
<msg time="2025-09-18T15:58:34.136154" level="INFO">xpath criteria: //android.view.View[normalize-space(@content-desc)="Paid Externally"]</msg>
<arg>${PAID_EXTERNALLY_TEXT}</arg>
<doc>Waits until element specified with `locator` is visible.</doc>
<status status="PASS" start="2025-09-18T15:58:33.307513" elapsed="0.828868"/>
</kw>
<status status="PASS" start="2025-09-18T15:58:33.306672" elapsed="0.829880"/>
</kw>
<kw name="And user tap on Begin Charge button in Payment by Paid Externally screen" owner="tab-checkout-keyword">
<kw name="Wait Until Element Is Visible" owner="AppiumLibrary">
<msg time="2025-09-18T15:58:34.277804" level="INFO">xpath criteria: //android.view.View[@content-desc="Begin Charge"]</msg>
<arg>${PAID_EXTERNALLY_BEGIN_CHARGE_BUTTON}</arg>
<doc>Waits until element specified with `locator` is visible.</doc>
<status status="PASS" start="2025-09-18T15:58:34.138423" elapsed="0.139536"/>
</kw>
<kw name="Click Element" owner="AppiumLibrary">
<msg time="2025-09-18T15:58:34.287116" level="INFO">Clicking element 'xpath=//android.view.View[@content-desc="Begin Charge"]'.</msg>
<msg time="2025-09-18T15:58:34.481963" level="INFO">xpath criteria: //android.view.View[@content-desc="Begin Charge"]</msg>
<arg>${PAID_EXTERNALLY_BEGIN_CHARGE_BUTTON}</arg>
<doc>Click element identified by `locator`.</doc>
<status status="PASS" start="2025-09-18T15:58:34.278647" elapsed="0.203479"/>
</kw>
<kw name="Sleep" owner="BuiltIn">
<msg time="2025-09-18T15:58:39.483963" level="INFO">Slept 5 seconds.</msg>
<arg>5s</arg>
<doc>Pauses the test executed for the given time.</doc>
<status status="PASS" start="2025-09-18T15:58:34.482518" elapsed="5.001677"/>
</kw>
<status status="PASS" start="2025-09-18T15:58:34.137662" elapsed="5.346718"/>
</kw>
<kw name="And the system displays Payment successfully message" owner="tab-checkout-keyword">
<kw name="Wait Until Element Is Visible" owner="AppiumLibrary">
<msg time="2025-09-18T15:58:39.740455" level="INFO">xpath criteria: //android.view.View[normalize-space(@content-desc)="Proceed payment successfully"]</msg>
<arg>${PAYMENT_SUCCESS_MESSAGE}</arg>
<doc>Waits until element specified with `locator` is visible.</doc>
<status status="PASS" start="2025-09-18T15:58:39.485874" elapsed="0.254774"/>
</kw>
<status status="PASS" start="2025-09-18T15:58:39.485309" elapsed="0.255510"/>
</kw>
<kw name="Then the system navigate user to Payment Confirmed screen" owner="tab-checkout-keyword">
<kw name="Wait Until Element Is Visible" owner="AppiumLibrary">
<msg time="2025-09-18T15:58:39.854306" level="INFO">xpath criteria: //android.view.View[normalize-space(@content-desc)="Your payment is confirmed!"]</msg>
<arg>${PAYMENT_IS_CONFIRMED}</arg>
<doc>Waits until element specified with `locator` is visible.</doc>
<status status="PASS" start="2025-09-18T15:58:39.742631" elapsed="0.111835"/>
</kw>
<status status="PASS" start="2025-09-18T15:58:39.741826" elapsed="0.112966"/>
</kw>
<kw name="When user tap on No Receipt button" owner="tab-checkout-keyword">
<kw name="Wait Until Element Is Visible" owner="AppiumLibrary">
<msg time="2025-09-18T15:58:39.955329" level="INFO">xpath criteria: //android.view.View[normalize-space(@content-desc)="No receipt"]</msg>
<arg>${NO_RECEIPT_BUTTON}</arg>
<doc>Waits until element specified with `locator` is visible.</doc>
<status status="PASS" start="2025-09-18T15:58:39.856361" elapsed="0.099134"/>
</kw>
<kw name="Click Element" owner="AppiumLibrary">
<msg time="2025-09-18T15:58:39.963660" level="INFO">Clicking element 'xpath=//android.view.View[normalize-space(@content-desc)="No receipt"]'.</msg>
<msg time="2025-09-18T15:58:41.206109" level="INFO">xpath criteria: //android.view.View[normalize-space(@content-desc)="No receipt"]</msg>
<arg>${NO_RECEIPT_BUTTON}</arg>
<doc>Click element identified by `locator`.</doc>
<status status="PASS" start="2025-09-18T15:58:39.955837" elapsed="1.250432"/>
</kw>
<kw name="Sleep" owner="BuiltIn">
<msg time="2025-09-18T15:58:46.208270" level="INFO">Slept 5 seconds.</msg>
<arg>5s</arg>
<doc>Pauses the test executed for the given time.</doc>
<status status="PASS" start="2025-09-18T15:58:41.206727" elapsed="5.001772"/>
</kw>
<status status="PASS" start="2025-09-18T15:58:39.855688" elapsed="6.352997"/>
</kw>
<kw name="Then the system navigate user back to Checkout Tab" owner="tab-checkout-keyword">
<kw name="Wait Until Element Is Visible" owner="AppiumLibrary">
<msg time="2025-09-18T15:58:46.360193" level="INFO">xpath criteria: //android.view.View[normalize-space(@content-desc)="Change position"]</msg>
<arg>${CHANGE_POSITION_TEXT}</arg>
<doc>Waits until element specified with `locator` is visible.</doc>
<status status="PASS" start="2025-09-18T15:58:46.210157" elapsed="0.150190"/>
</kw>
<status status="PASS" start="2025-09-18T15:58:46.209596" elapsed="0.150922"/>
</kw>
<kw name="Set Element to Test Message" owner="common-keywords">
<kw name="Set Test Message" owner="BuiltIn">
<msg time="2025-09-18T15:58:46.362280" level="INFO">Set test message to:
: Technician:Elena | 8520
5 Hour 13 Min
 0 Min : Service:Hydra medic
60 mins
$130.00 : Service:Back Cleaning
60 mins
$85.00 : Subtotal:215.0 : xpath=//android.view.View[normalize-space(@content-desc)="Proceed payment successfully"]</msg>
<arg>: ${element}</arg>
<arg>append=${append}</arg>
<doc>Sets message for the current test case.</doc>
<status status="PASS" start="2025-09-18T15:58:46.361879" elapsed="0.000509"/>
</kw>
<arg>${PAYMENT_SUCCESS_MESSAGE}</arg>
<status status="PASS" start="2025-09-18T15:58:46.361131" elapsed="0.001413"/>
</kw>
<tag>Positive</tag>
<tag>UI</tag>
<status status="PASS" start="2025-09-18T15:57:52.101010" elapsed="54.262258">: Technician:Elena | 8520
5 Hour 13 Min
 0 Min : Service:Hydra medic
60 mins
$130.00 : Service:Back Cleaning
60 mins
$85.00 : Subtotal:215.0 : xpath=//android.view.View[normalize-space(@content-desc)="Proceed payment successfully"]</status>
</test>
<status status="PASS" start="2025-09-18T15:56:58.659715" elapsed="107.705205"/>
</suite>
<statistics>
<total>
<stat pass="2" fail="0" skip="0">All Tests</stat>
</total>
<tag>
<stat pass="2" fail="0" skip="0">Positive</stat>
<stat pass="2" fail="0" skip="0">UI</stat>
</tag>
<suite>
<stat name="Checkout" id="s1" pass="2" fail="0" skip="0">Checkout</stat>
</suite>
</statistics>
<errors>
</errors>
</robot>
