<?xml version="1.0" encoding="UTF-8"?>
<robot generator="Robot 7.3.2 (Python 3.13.3 on win32)" generated="2025-07-23T14:13:28.549621" rpa="false" schemaversion="5">
<suite id="s1" name="Checkout" source="D:\Automation-Testing\Robot-Framework\Salonbookly-POS\tests\mainscreen\checkout.robot">
<kw name="Access to POS" owner="common-keywords" type="SETUP">
<kw name="Open Application" owner="AppiumLibrary">
<arg>${REMOTE_URL}</arg>
<arg>platformName=${PLATFORM_NAME}</arg>
<arg>platformVersion=${PLATFORM_VERSION}</arg>
<arg>deviceName=${DEVICE_NAME}</arg>
<arg>device=${UDID}</arg>
<arg>appPackage=${APP_PACKAGE}</arg>
<arg>appActivity=${APP_ACTIVITY}</arg>
<arg>automationName=${AUTOMATION_NAME}</arg>
<doc>Opens a new application to given Appium server.
Capabilities of appium server, Android and iOS,
Please check https://appium.io/docs/en/2.1/cli/args/
| *Option*            | *Man.* | *Description*     |
| remote_url          | Yes    | Appium server url |
| alias               | no     | alias             |
| strict_ssl          | No     | allows you to send commands to an invalid certificate host like a self-signed one. |</doc>
<status status="PASS" start="2025-07-23T14:13:29.204035" elapsed="9.520637"/>
</kw>
<kw name="Sleep" owner="BuiltIn">
<msg time="2025-07-23T14:13:43.727018" level="INFO">Slept 5 seconds.</msg>
<arg>5s</arg>
<doc>Pauses the test executed for the given time.</doc>
<status status="PASS" start="2025-07-23T14:13:38.725141" elapsed="5.002141"/>
</kw>
<status status="PASS" start="2025-07-23T14:13:29.202946" elapsed="14.524595"/>
</kw>
<test id="s1-t1" name="Verify the user sign in successfully when input correct SALON account" line="7">
<kw name="Given the Salon tab is selected" owner="sign-in-keywords">
<kw name="Element Should Be Visible" owner="AppiumLibrary">
<msg time="2025-07-23T14:13:44.810122" level="INFO">xpath criteria: //android.view.View[normalize-space(@content-desc)="SALON Sign In" and @clickable="true"]</msg>
<arg>${SALON_TAB_SELECTED}</arg>
<doc>Verifies that element identified with locator is visible.</doc>
<status status="PASS" start="2025-07-23T14:13:43.729757" elapsed="1.080550"/>
</kw>
<kw name="Sleep" owner="BuiltIn">
<msg time="2025-07-23T14:13:46.811724" level="INFO">Slept 2 seconds.</msg>
<arg>2s</arg>
<doc>Pauses the test executed for the given time.</doc>
<status status="PASS" start="2025-07-23T14:13:44.810642" elapsed="2.001321"/>
</kw>
<status status="PASS" start="2025-07-23T14:13:43.729157" elapsed="3.083008"/>
</kw>
<kw name="When user input correct Salon Email" owner="sign-in-keywords">
<kw name="Element Should Be Visible" owner="AppiumLibrary">
<msg time="2025-07-23T14:13:47.039201" level="INFO">xpath criteria: //android.widget.EditText[@hint="User Name"]</msg>
<arg>${USERNAME_FIELD}</arg>
<doc>Verifies that element identified with locator is visible.</doc>
<status status="PASS" start="2025-07-23T14:13:46.813638" elapsed="0.225796"/>
</kw>
<kw name="Click Element" owner="AppiumLibrary">
<msg time="2025-07-23T14:13:47.043310" level="INFO">Clicking element 'xpath=//android.widget.EditText[@hint="User Name"]'.</msg>
<msg time="2025-07-23T14:13:48.280842" level="INFO">xpath criteria: //android.widget.EditText[@hint="User Name"]</msg>
<arg>${USERNAME_FIELD}</arg>
<doc>Click element identified by `locator`.</doc>
<status status="PASS" start="2025-07-23T14:13:47.039839" elapsed="1.241211"/>
</kw>
<kw name="Input Text" owner="AppiumLibrary">
<msg time="2025-07-23T14:13:48.285178" level="INFO">Typing text 'salon.dev@yopmail.com' into text field 'xpath=//android.widget.EditText[@hint="User Name"]'</msg>
<msg time="2025-07-23T14:13:48.490864" level="INFO">xpath criteria: //android.widget.EditText[@hint="User Name"]</msg>
<arg>${USERNAME_FIELD}</arg>
<arg>${SALON_EMAIL}</arg>
<doc>Types the given `text` into text field identified by `locator`.</doc>
<status status="PASS" start="2025-07-23T14:13:48.281569" elapsed="0.209567"/>
</kw>
<kw name="Click Element" owner="AppiumLibrary">
<msg time="2025-07-23T14:13:48.495375" level="INFO">Clicking element 'xpath=//android.view.View[@content-desc="Sign In" and @clickable="false"]'.</msg>
<msg time="2025-07-23T14:13:50.259103" level="INFO">xpath criteria: //android.view.View[@content-desc="Sign In" and @clickable="false"]</msg>
<arg>${SIGN_IN_TITLE}</arg>
<doc>Click element identified by `locator`.</doc>
<status status="PASS" start="2025-07-23T14:13:48.491561" elapsed="1.767814"/>
</kw>
<status status="PASS" start="2025-07-23T14:13:46.813112" elapsed="3.446753"/>
</kw>
<kw name="And user input correct Password" owner="sign-in-keywords">
<kw name="Element Should Be Visible" owner="AppiumLibrary">
<msg time="2025-07-23T14:13:50.479773" level="INFO">xpath criteria: //android.widget.EditText[@hint="Password"]</msg>
<arg>${PASSWORD_FIELD}</arg>
<doc>Verifies that element identified with locator is visible.</doc>
<status status="PASS" start="2025-07-23T14:13:50.262536" elapsed="0.217463"/>
</kw>
<kw name="Click Element" owner="AppiumLibrary">
<msg time="2025-07-23T14:13:50.483923" level="INFO">Clicking element 'xpath=//android.widget.EditText[@hint="Password"]'.</msg>
<msg time="2025-07-23T14:13:50.691209" level="INFO">xpath criteria: //android.widget.EditText[@hint="Password"]</msg>
<arg>${PASSWORD_FIELD}</arg>
<doc>Click element identified by `locator`.</doc>
<status status="PASS" start="2025-07-23T14:13:50.480319" elapsed="0.211109"/>
</kw>
<kw name="Input Text" owner="AppiumLibrary">
<msg time="2025-07-23T14:13:50.695545" level="INFO">Typing text 'Dev123!@#' into text field 'xpath=//android.widget.EditText[@hint="Password"]'</msg>
<msg time="2025-07-23T14:13:51.819779" level="INFO">xpath criteria: //android.widget.EditText[@hint="Password"]</msg>
<arg>${PASSWORD_FIELD}</arg>
<arg>${SALON_PASSWORD}</arg>
<doc>Types the given `text` into text field identified by `locator`.</doc>
<status status="PASS" start="2025-07-23T14:13:50.691809" elapsed="1.128141"/>
</kw>
<status status="PASS" start="2025-07-23T14:13:50.261596" elapsed="1.558532"/>
</kw>
<kw name="Then user tap on Sign In button" owner="sign-in-keywords">
<kw name="Click Element" owner="AppiumLibrary">
<msg time="2025-07-23T14:13:51.824701" level="INFO">Clicking element 'xpath=//android.view.View[@content-desc="Sign In" and @clickable="false"]'.</msg>
<msg time="2025-07-23T14:13:53.354181" level="INFO">xpath criteria: //android.view.View[@content-desc="Sign In" and @clickable="false"]</msg>
<arg>${SIGN_IN_TITLE}</arg>
<doc>Click element identified by `locator`.</doc>
<status status="PASS" start="2025-07-23T14:13:51.821552" elapsed="1.532869"/>
</kw>
<kw name="Element Should Be Visible" owner="AppiumLibrary">
<msg time="2025-07-23T14:13:53.585200" level="INFO">xpath criteria: //android.view.View[@content-desc="Sign In" and @clickable="true"]</msg>
<arg>${SIGN_IN_BUTTON}</arg>
<doc>Verifies that element identified with locator is visible.</doc>
<status status="PASS" start="2025-07-23T14:13:53.354824" elapsed="0.230548"/>
</kw>
<kw name="Click Element" owner="AppiumLibrary">
<msg time="2025-07-23T14:13:53.589116" level="INFO">Clicking element 'xpath=//android.view.View[@content-desc="Sign In" and @clickable="true"]'.</msg>
<msg time="2025-07-23T14:13:53.839992" level="INFO">xpath criteria: //android.view.View[@content-desc="Sign In" and @clickable="true"]</msg>
<arg>${SIGN_IN_BUTTON}</arg>
<doc>Click element identified by `locator`.</doc>
<status status="PASS" start="2025-07-23T14:13:53.585695" elapsed="0.254562"/>
</kw>
<status status="PASS" start="2025-07-23T14:13:51.820939" elapsed="2.019559"/>
</kw>
<kw name="Sleep" owner="BuiltIn">
<msg time="2025-07-23T14:13:58.842284" level="INFO">Slept 5 seconds.</msg>
<arg>5s</arg>
<doc>Pauses the test executed for the given time.</doc>
<status status="PASS" start="2025-07-23T14:13:53.841114" elapsed="5.001394"/>
</kw>
<kw name="And the user is on Checkout tab" owner="tab-checkout-keyword">
<kw name="Element Should Be Visible" owner="AppiumLibrary">
<msg time="2025-07-23T14:13:59.645666" level="INFO">xpath criteria: //android.view.View[@content-desc="Change position"]</msg>
<arg>${CHANGE_POSITION_TEXT}</arg>
<doc>Verifies that element identified with locator is visible.</doc>
<status status="PASS" start="2025-07-23T14:13:58.843864" elapsed="0.802752"/>
</kw>
<status status="PASS" start="2025-07-23T14:13:58.843296" elapsed="0.803527"/>
</kw>
<status status="PASS" start="2025-07-23T14:13:43.727723" elapsed="15.919629"/>
</test>
<test id="s1-t2" name="Verify the user checkout with CASH method successfully" line="15">
<kw name="Given the user is on Checkout tab" owner="tab-checkout-keyword">
<kw name="Element Should Be Visible" owner="AppiumLibrary">
<msg time="2025-07-23T14:13:59.979901" level="INFO">xpath criteria: //android.view.View[@content-desc="Change position"]</msg>
<arg>${CHANGE_POSITION_TEXT}</arg>
<doc>Verifies that element identified with locator is visible.</doc>
<status status="PASS" start="2025-07-23T14:13:59.649812" elapsed="0.330319"/>
</kw>
<status status="PASS" start="2025-07-23T14:13:59.649327" elapsed="0.331070"/>
</kw>
<kw name="And user select Technician" owner="tab-checkout-keyword">
<kw name="Element Should Be Visible" owner="AppiumLibrary">
<msg time="2025-07-23T14:14:00.346394" level="INFO">xpath criteria: //android.view.View[contains(@content-desc, "Mira")]</msg>
<arg>${TECHNICIAN_CARD}</arg>
<doc>Verifies that element identified with locator is visible.</doc>
<status status="PASS" start="2025-07-23T14:13:59.981976" elapsed="0.364651"/>
</kw>
<kw name="Click Element" owner="AppiumLibrary">
<msg time="2025-07-23T14:14:00.350477" level="INFO">Clicking element 'xpath=//android.view.View[contains(@content-desc, "Mira")]'.</msg>
<msg time="2025-07-23T14:14:00.624834" level="INFO">xpath criteria: //android.view.View[contains(@content-desc, "Mira")]</msg>
<arg>${TECHNICIAN_CARD}</arg>
<doc>Click element identified by `locator`.</doc>
<status status="PASS" start="2025-07-23T14:14:00.346976" elapsed="0.278029"/>
</kw>
<status status="PASS" start="2025-07-23T14:13:59.981348" elapsed="0.643834"/>
</kw>
<kw name="Then the system displays the Select Service screen" owner="tab-checkout-keyword">
<kw name="Element Should Be Visible" owner="AppiumLibrary">
<msg time="2025-07-23T14:14:01.252006" level="INFO">xpath criteria: //android.view.View[normalize-space(@content-desc)="MAIN MENU &gt; Services"]</msg>
<arg>${SELECT_SERVICE_TITLE}</arg>
<doc>Verifies that element identified with locator is visible.</doc>
<status status="PASS" start="2025-07-23T14:14:00.626412" elapsed="0.625759"/>
</kw>
<status status="PASS" start="2025-07-23T14:14:00.625843" elapsed="0.626501"/>
</kw>
<kw name="And user select Service" owner="tab-checkout-keyword">
<kw name="Element Should Be Visible" owner="AppiumLibrary">
<msg time="2025-07-23T14:14:01.692661" level="INFO">xpath criteria: //android.view.View[contains(@content-desc,"Classic Manicure") and contains(@content-desc,"30 mins")]</msg>
<arg>${SERVICE_CARD}</arg>
<doc>Verifies that element identified with locator is visible.</doc>
<status status="PASS" start="2025-07-23T14:14:01.253614" elapsed="0.439285"/>
</kw>
<kw name="Click Element" owner="AppiumLibrary">
<msg time="2025-07-23T14:14:01.696644" level="INFO">Clicking element 'xpath=//android.view.View[contains(@content-desc,"Classic Manicure") and contains(@content-desc,"30 mins")]'.</msg>
<msg time="2025-07-23T14:14:02.158871" level="INFO">xpath criteria: //android.view.View[contains(@content-desc,"Classic Manicure") and contains(@content-desc,"30 mins")]</msg>
<arg>${SERVICE_CARD}</arg>
<doc>Click element identified by `locator`.</doc>
<status status="PASS" start="2025-07-23T14:14:01.693284" elapsed="0.465757"/>
</kw>
<status status="PASS" start="2025-07-23T14:14:01.253049" elapsed="0.906173"/>
</kw>
<kw name="Then user tap on Payment button" owner="tab-checkout-keyword">
<kw name="Element Should Be Visible" owner="AppiumLibrary">
<msg time="2025-07-23T14:14:02.906969" level="INFO">xpath criteria: //android.view.View[@content-desc="Payment"]</msg>
<arg>${PAYMENT_BUTTON}</arg>
<doc>Verifies that element identified with locator is visible.</doc>
<status status="PASS" start="2025-07-23T14:14:02.160478" elapsed="0.746692"/>
</kw>
<kw name="Click Element" owner="AppiumLibrary">
<msg time="2025-07-23T14:14:02.911161" level="INFO">Clicking element 'xpath=//android.view.View[@content-desc="Payment"]'.</msg>
<msg time="2025-07-23T14:14:03.285234" level="INFO">xpath criteria: //android.view.View[@content-desc="Payment"]</msg>
<arg>${PAYMENT_BUTTON}</arg>
<doc>Click element identified by `locator`.</doc>
<status status="PASS" start="2025-07-23T14:14:02.907494" elapsed="0.377981"/>
</kw>
<status status="PASS" start="2025-07-23T14:14:02.159881" elapsed="1.125928"/>
</kw>
<kw name="Sleep" owner="BuiltIn">
<msg time="2025-07-23T14:14:08.288189" level="INFO">Slept 5 seconds.</msg>
<arg>5s</arg>
<doc>Pauses the test executed for the given time.</doc>
<status status="PASS" start="2025-07-23T14:14:03.286694" elapsed="5.001729"/>
</kw>
<kw name="And the system displays the Checkout Payment screen" owner="tab-checkout-keyword">
<kw name="Element Should Be Visible" owner="AppiumLibrary">
<msg time="2025-07-23T14:14:08.568250" level="INFO">xpath criteria: //android.view.View[normalize-space(@content-desc)="MAIN MENU &gt; Checkout"]</msg>
<arg>${PAYMENT_CHECKOUT_TITLE}</arg>
<doc>Verifies that element identified with locator is visible.</doc>
<status status="PASS" start="2025-07-23T14:14:08.289892" elapsed="0.278593"/>
</kw>
<status status="PASS" start="2025-07-23T14:14:08.289354" elapsed="0.279408"/>
</kw>
<kw name="Then user select CASH method" owner="tab-checkout-keyword">
<kw name="Element Should Be Visible" owner="AppiumLibrary">
<msg time="2025-07-23T14:14:08.757100" level="INFO">xpath criteria: //android.view.View[@content-desc="Cash"]</msg>
<arg>${CASH}</arg>
<doc>Verifies that element identified with locator is visible.</doc>
<status status="PASS" start="2025-07-23T14:14:08.571802" elapsed="0.185461"/>
</kw>
<kw name="Click Element" owner="AppiumLibrary">
<msg time="2025-07-23T14:14:08.760962" level="INFO">Clicking element 'xpath=//android.view.View[@content-desc="Cash"]'.</msg>
<msg time="2025-07-23T14:14:09.005860" level="INFO">xpath criteria: //android.view.View[@content-desc="Cash"]</msg>
<arg>${CASH}</arg>
<doc>Click element identified by `locator`.</doc>
<status status="PASS" start="2025-07-23T14:14:08.757593" elapsed="0.248597"/>
</kw>
<status status="PASS" start="2025-07-23T14:14:08.570810" elapsed="0.435603"/>
</kw>
<kw name="And the system dispays the Payment by Cash screen" owner="tab-checkout-keyword">
<kw name="Element Should Be Visible" owner="AppiumLibrary">
<msg time="2025-07-23T14:14:09.969561" level="INFO">xpath criteria: //android.view.View[normalize-space(@content-desc)="Back Payment by Cash"]</msg>
<arg>${PAYMENT_BY_CASH_TITLE}</arg>
<doc>Verifies that element identified with locator is visible.</doc>
<status status="PASS" start="2025-07-23T14:14:09.007669" elapsed="0.962133"/>
</kw>
<status status="PASS" start="2025-07-23T14:14:09.007119" elapsed="0.962866"/>
</kw>
<kw name="And user tap on Begin Charge button" owner="tab-checkout-keyword">
<kw name="Element Should Be Visible" owner="AppiumLibrary">
<msg time="2025-07-23T14:14:10.122569" level="INFO">xpath criteria: //android.view.View[@content-desc="Begin Charge"]</msg>
<arg>${BEGIN_CHARGE_BUTTON}</arg>
<doc>Verifies that element identified with locator is visible.</doc>
<status status="PASS" start="2025-07-23T14:14:09.971517" elapsed="0.151229"/>
</kw>
<kw name="Click Element" owner="AppiumLibrary">
<msg time="2025-07-23T14:14:10.126450" level="INFO">Clicking element 'xpath=//android.view.View[@content-desc="Begin Charge"]'.</msg>
<msg time="2025-07-23T14:14:10.358953" level="INFO">xpath criteria: //android.view.View[@content-desc="Begin Charge"]</msg>
<arg>${BEGIN_CHARGE_BUTTON}</arg>
<doc>Click element identified by `locator`.</doc>
<status status="PASS" start="2025-07-23T14:14:10.123063" elapsed="0.236199"/>
</kw>
<kw name="Sleep" owner="BuiltIn">
<msg time="2025-07-23T14:14:15.360453" level="INFO">Slept 5 seconds.</msg>
<arg>5s</arg>
<doc>Pauses the test executed for the given time.</doc>
<status status="PASS" start="2025-07-23T14:14:10.359684" elapsed="5.001250"/>
</kw>
<status status="PASS" start="2025-07-23T14:14:09.970940" elapsed="5.390176"/>
</kw>
<kw name="Then the system navigate user to Payment Confirmed screen" owner="tab-checkout-keyword">
<kw name="Element Should Be Visible" owner="AppiumLibrary">
<msg time="2025-07-23T14:14:15.575560" level="INFO">xpath criteria: //android.view.View[normalize-space(@content-desc)="Your payment is confirmed!"]</msg>
<arg>${PAYMENT_IS_CONFIRMED}</arg>
<doc>Verifies that element identified with locator is visible.</doc>
<status status="PASS" start="2025-07-23T14:14:15.362402" elapsed="0.213463"/>
</kw>
<status status="PASS" start="2025-07-23T14:14:15.361798" elapsed="0.214274"/>
</kw>
<kw name="Then the system displays Payment successfully message" owner="tab-checkout-keyword">
<kw name="Element Should Be Visible" owner="AppiumLibrary">
<msg time="2025-07-23T14:14:15.724678" level="INFO">xpath criteria: //android.view.View[normalize-space(@content-desc)="Proceed payment successfully"]</msg>
<arg>${PAYMENT_SUCCESS_MESSAGE}</arg>
<doc>Verifies that element identified with locator is visible.</doc>
<status status="PASS" start="2025-07-23T14:14:15.577502" elapsed="0.147514"/>
</kw>
<status status="PASS" start="2025-07-23T14:14:15.576945" elapsed="0.148249"/>
</kw>
<kw name="When user tap on No Receipt button" owner="tab-checkout-keyword">
<kw name="Element Should Be Visible" owner="AppiumLibrary">
<msg time="2025-07-23T14:14:15.873422" level="INFO">xpath criteria: //android.view.View[normalize-space(@content-desc)="No receipt"]</msg>
<arg>${NO_RECEIPT_BUTTON}</arg>
<doc>Verifies that element identified with locator is visible.</doc>
<status status="PASS" start="2025-07-23T14:14:15.726599" elapsed="0.146985"/>
</kw>
<kw name="Click Element" owner="AppiumLibrary">
<msg time="2025-07-23T14:14:15.877264" level="INFO">Clicking element 'xpath=//android.view.View[normalize-space(@content-desc)="No receipt"]'.</msg>
<msg time="2025-07-23T14:14:17.076622" level="INFO">xpath criteria: //android.view.View[normalize-space(@content-desc)="No receipt"]</msg>
<arg>${NO_RECEIPT_BUTTON}</arg>
<doc>Click element identified by `locator`.</doc>
<status status="PASS" start="2025-07-23T14:14:15.873895" elapsed="1.202925"/>
</kw>
<kw name="Sleep" owner="BuiltIn">
<msg time="2025-07-23T14:14:22.079067" level="INFO">Slept 5 seconds.</msg>
<arg>5s</arg>
<doc>Pauses the test executed for the given time.</doc>
<status status="PASS" start="2025-07-23T14:14:17.077123" elapsed="5.002176"/>
</kw>
<status status="PASS" start="2025-07-23T14:14:15.726062" elapsed="6.353414"/>
</kw>
<kw name="Then the system navigate user back to Checkout Tab" owner="tab-checkout-keyword">
<kw name="Element Should Be Visible" owner="AppiumLibrary">
<msg time="2025-07-23T14:14:22.348764" level="INFO">xpath criteria: //android.view.View[@content-desc="Change position"]</msg>
<arg>${CHANGE_POSITION_TEXT}</arg>
<doc>Verifies that element identified with locator is visible.</doc>
<status status="PASS" start="2025-07-23T14:14:22.080739" elapsed="0.268337"/>
</kw>
<status status="PASS" start="2025-07-23T14:14:22.080204" elapsed="0.269084"/>
</kw>
<status status="PASS" start="2025-07-23T14:13:59.648356" elapsed="22.701761"/>
</test>
<status status="PASS" start="2025-07-23T14:13:28.552957" elapsed="53.798736"/>
</suite>
<statistics>
<total>
<stat pass="2" fail="0" skip="0">All Tests</stat>
</total>
<tag>
</tag>
<suite>
<stat name="Checkout" id="s1" pass="2" fail="0" skip="0">Checkout</stat>
</suite>
</statistics>
<errors>
</errors>
</robot>
